Log file open, 06/17/19 22:46:47
LogWindows: Failed to load 'aqProf.dll' (GetLastError=126)
LogWindows: File 'aqProf.dll' does not exist
LogWindows: Failed to load 'VtuneApi.dll' (GetLastError=126)
LogWindows: File 'VtuneApi.dll' does not exist
LogWindows: Failed to load 'VtuneApi32e.dll' (GetLastError=126)
LogWindows: File 'VtuneApi32e.dll' does not exist
LogConsoleResponse: Display: Failed to find resolution value strings in scalability ini. Falling back to default.
LogInit: Display: Running engine for game: EAE3010SRassign001
LogPakFile: Registered encryption key '00000000000000000000000000000000': 0 pak files mounted, 0 remain pending
LogPlatformFile: Not using cached read wrapper
LogTaskGraph: Started task graph with 5 named threads and 23 total threads with 3 sets of task threads.
LogStats: Stats thread started at 0.310459
LogD3D11RHI: Loaded GFSDK_Aftermath_Lib.x64.dll
LogICUInternationalization: ICU TimeZone Detection - Raw Offset: -7:00, Platform Override: ''
LogPluginManager: Mounting plugin Paper2D
LogPluginManager: Mounting plugin AISupport
LogPluginManager: Mounting plugin LightPropagationVolume
LogPluginManager: Mounting plugin ActorLayerUtilities
LogPluginManager: Mounting plugin AnimationSharing
LogPluginManager: Mounting plugin CLionSourceCodeAccess
LogPluginManager: Mounting plugin CodeLiteSourceCodeAccess
LogPluginManager: Mounting plugin GitSourceControl
LogPluginManager: Mounting plugin KDevelopSourceCodeAccess
LogPluginManager: Mounting plugin NullSourceCodeAccess
LogPluginManager: Mounting plugin PerforceSourceControl
LogPluginManager: Mounting plugin SubversionSourceControl
LogPluginManager: Mounting plugin UObjectPlugin
LogPluginManager: Mounting plugin VisualStudioCodeSourceCodeAccess
LogPluginManager: Mounting plugin VisualStudioSourceCodeAccess
LogPluginManager: Mounting plugin XCodeSourceCodeAccess
LogPluginManager: Mounting plugin AssetManagerEditor
LogPluginManager: Mounting plugin CryptoKeys
LogPluginManager: Mounting plugin DataValidation
LogPluginManager: Mounting plugin FacialAnimation
LogPluginManager: Mounting plugin GameplayTagsEditor
LogPluginManager: Mounting plugin MacGraphicsSwitching
LogPluginManager: Mounting plugin MaterialAnalyzer
LogPluginManager: Mounting plugin MobileLauncherProfileWizard
LogPluginManager: Mounting plugin PluginBrowser
LogPluginManager: Mounting plugin SpeedTreeImporter
LogPluginManager: Mounting plugin DatasmithContent
LogPluginManager: Mounting plugin VariantManagerContent
LogPluginManager: Mounting plugin AlembicImporter
LogPluginManager: Mounting plugin AppleImageUtils
LogPluginManager: Mounting plugin AppleVision
LogPluginManager: Mounting plugin BackChannel
LogPluginManager: Mounting plugin CharacterAI
LogPluginManager: Mounting plugin GeometryCache
LogPluginManager: Mounting plugin HTML5Networking
LogPluginManager: Mounting plugin ProxyLODPlugin
LogPluginManager: Mounting plugin SkeletalReduction
LogPluginManager: Mounting plugin MagicLeap
LogPluginManager: Mounting plugin MagicLeapMedia
LogPluginManager: Mounting plugin AndroidMedia
LogPluginManager: Mounting plugin AvfMedia
LogPluginManager: Mounting plugin ImgMedia
LogPluginManager: Mounting plugin LinearTimecode
LogPluginManager: Mounting plugin MediaCompositing
LogPluginManager: Mounting plugin MediaPlayerEditor
LogPluginManager: Mounting plugin WebMMedia
LogPluginManager: Mounting plugin WmfMedia
LogPluginManager: Mounting plugin TcpMessaging
LogPluginManager: Mounting plugin UdpMessaging
LogPluginManager: Mounting plugin ActorSequence
LogPluginManager: Mounting plugin LevelSequenceEditor
LogPluginManager: Mounting plugin MatineeToLevelSequence
LogPluginManager: Mounting plugin NetcodeUnitTest
LogPluginManager: Mounting plugin NUTUnrealEngine4
LogPluginManager: Mounting plugin OnlineSubsystemGooglePlay
LogPluginManager: Mounting plugin OnlineSubsystemIOS
LogPluginManager: Mounting plugin OnlineSubsystem
LogPluginManager: Mounting plugin OnlineSubsystemNull
LogPluginManager: Mounting plugin OnlineSubsystemUtils
LogPluginManager: Mounting plugin LauncherChunkInstaller
LogPluginManager: Mounting plugin AndroidDeviceProfileSelector
LogPluginManager: Mounting plugin AndroidMoviePlayer
LogPluginManager: Mounting plugin AndroidPermission
LogPluginManager: Mounting plugin AppleMoviePlayer
LogPluginManager: Mounting plugin ArchVisCharacter
LogPluginManager: Mounting plugin AudioCapture
LogPluginManager: Mounting plugin CableComponent
LogPluginManager: Mounting plugin CustomMeshComponent
LogPluginManager: Mounting plugin EditableMesh
LogPluginManager: Mounting plugin ExampleDeviceProfileSelector
LogPluginManager: Mounting plugin Firebase
LogPluginManager: Mounting plugin GoogleCloudMessaging
LogPluginManager: Mounting plugin IOSDeviceProfileSelector
LogPluginManager: Mounting plugin LinuxDeviceProfileSelector
LogPluginManager: Mounting plugin LocationServicesBPLibrary
LogPluginManager: Mounting plugin MobilePatchingUtils
LogPluginManager: Mounting plugin OculusVR
LogPluginManager: Mounting plugin PhysXVehicles
LogPluginManager: Mounting plugin ProceduralMeshComponent
LogPluginManager: Mounting plugin RuntimePhysXCooking
LogPluginManager: Mounting plugin SignificanceManager
LogPluginManager: Mounting plugin SteamVR
LogPluginManager: Mounting plugin WebMMoviePlayer
LogPluginManager: Mounting plugin WindowsMoviePlayer
LogInit: Using libcurl 7.55.1-DEV
LogInit:  - built for x86_64-pc-win32
LogInit:  - supports SSL with OpenSSL/1.1.1
LogInit:  - supports HTTP deflate (compression) using libz 1.2.8
LogInit:  - other features:
LogInit:      CURL_VERSION_SSL
LogInit:      CURL_VERSION_LIBZ
LogInit:      CURL_VERSION_IPV6
LogInit:      CURL_VERSION_ASYNCHDNS
LogInit:      CURL_VERSION_LARGEFILE
LogInit:      CURL_VERSION_IDN
LogInit:  CurlRequestOptions (configurable via config and command line):
LogInit:  - bVerifyPeer = true  - Libcurl will verify peer certificate
LogInit:  - bUseHttpProxy = false  - Libcurl will NOT use HTTP proxy
LogInit:  - bDontReuseConnections = false  - Libcurl will reuse connections
LogInit:  - MaxHostConnections = 16  - Libcurl will limit the number of connections to a host
LogInit:  - LocalHostAddr = Default
LogInit:  - BufferSize = 65536
LogInit: WinSock: version 1.1 (2.2), MaxSocks=32767, MaxUdp=65467
LogInit: Build: ++UE4+Release-4.22-CL-6063286
LogInit: Engine Version: 4.22.1-6063286+++UE4+Release-4.22
LogInit: Compatible Engine Version: 4.22.0-5660361+++UE4+Release-4.22
LogInit: Net CL: 5660361
LogInit: OS: Windows 10 (Release 1803) (), CPU: Intel(R) Core(TM) i7-7700HQ CPU @ 2.80GHz, GPU: Intel(R) HD Graphics 630
LogInit: Compiled (64-bit): Apr 24 2019 04:36:48
LogInit: Compiled with Visual C++: 19.16.27025.01
LogInit: Build Configuration: Development
LogInit: Branch Name: ++UE4+Release-4.22
LogInit: Command Line:  -EpicPortal -epicusername=WhittleKlondike -epicuserid=b72e3dfdcbe947afb5076f0a5070b119 -epiclocale=en-US
LogInit: Base Directory: C:/Program Files/Epic Games/UE_4.22/Engine/Binaries/Win64/
LogInit: Installed Engine Build: 1
LogDevObjectVersion: Number of dev versions registered: 23
LogDevObjectVersion:   Dev-Blueprints (B0D832E4-1F89-4F0D-ACCF-7EB736FD4AA2): 10
LogDevObjectVersion:   Dev-Build (E1C64328-A22C-4D53-A36C-8E866417BD8C): 0
LogDevObjectVersion:   Dev-Core (375EC13C-06E4-48FB-B500-84F0262A717E): 3
LogDevObjectVersion:   Dev-Editor (E4B068ED-F494-42E9-A231-DA0B2E46BB41): 30
LogDevObjectVersion:   Dev-Framework (CFFC743F-43B0-4480-9391-14DF171D2073): 35
LogDevObjectVersion:   Dev-Mobile (B02B49B5-BB20-44E9-A304-32B752E40360): 2
LogDevObjectVersion:   Dev-Networking (A4E4105C-59A1-49B5-A7C5-40C4547EDFEE): 0
LogDevObjectVersion:   Dev-Online (39C831C9-5AE6-47DC-9A44-9C173E1C8E7C): 0
LogDevObjectVersion:   Dev-Physics (78F01B33-EBEA-4F98-B9B4-84EACCB95AA2): 0
LogDevObjectVersion:   Dev-Platform (6631380F-2D4D-43E0-8009-CF276956A95A): 0
LogDevObjectVersion:   Dev-Rendering (12F88B9F-8875-4AFC-A67C-D90C383ABD29): 28
LogDevObjectVersion:   Dev-Sequencer (7B5AE74C-D270-4C10-A958-57980B212A5A): 11
LogDevObjectVersion:   Dev-VR (D7296918-1DD6-4BDD-9DE2-64A83CC13884): 2
LogDevObjectVersion:   Dev-LoadTimes (C2A15278-BFE7-4AFE-6C17-90FF531DF755): 1
LogDevObjectVersion:   Private-Geometry (6EACA3D4-40EC-4CC1-B786-8BED09428FC5): 3
LogDevObjectVersion:   Dev-AnimPhys (29E575DD-E0A3-4627-9D10-D276232CDCEA): 17
LogDevObjectVersion:   Dev-Anim (AF43A65D-7FD3-4947-9873-3E8ED9C1BB05): 2
LogDevObjectVersion:   Dev-ReflectionCapture (6B266CEC-1EC7-4B8F-A30B-E4D90942FC07): 1
LogDevObjectVersion:   Dev-Automation (0DF73D61-A23F-47EA-B727-89E90C41499A): 1
LogDevObjectVersion:   FortniteMain (601D1886-AC64-4F84-AA16-D3DE0DEAC7D6): 25
LogDevObjectVersion:   Dev-Enterprise (9DFFBCD6-494F-0158-E221-12823C92A888): 6
LogDevObjectVersion:   Dev-Niagara (F2AED0AC-9AFE-416F-8664-AA7FFA26D6FC): 1
LogDevObjectVersion:   Dev-Destruction (174F1F0B-B4C6-45A5-B13F-2EE8D0FB917D): 2
LogInit: Presizing for max 16777216 objects, including 0 objects not considered by GC, pre-allocating 0 bytes for permanent pool.
LogInit: Object subsystem initialized
LogConfig: Setting CVar [[con.DebugEarlyDefault:1]]
LogConfig: Setting CVar [[r.setres:1280x720]]
[2019.06.18-04.46.47:356][  0]LogConfig: Setting CVar [[r.VSync:0]]
[2019.06.18-04.46.47:356][  0]LogConfig: Setting CVar [[r.RHICmdBypass:0]]
[2019.06.18-04.46.47:356][  0]LogConfig: Applying CVar settings from Section [/Script/Engine.RendererSettings] File [C:/Users/Whitt/Documents/GitHub/AssetPipeline/EAE3010SRassign001/Saved/Config/Windows/Engine.ini]
[2019.06.18-04.46.47:356][  0]LogConfig: Setting CVar [[r.GPUCrashDebugging:0]]
[2019.06.18-04.46.47:356][  0]LogConfig: Applying CVar settings from Section [/Script/Engine.RendererOverrideSettings] File [C:/Users/Whitt/Documents/GitHub/AssetPipeline/EAE3010SRassign001/Saved/Config/Windows/Engine.ini]
[2019.06.18-04.46.47:356][  0]LogConfig: Applying CVar settings from Section [/Script/Engine.StreamingSettings] File [C:/Users/Whitt/Documents/GitHub/AssetPipeline/EAE3010SRassign001/Saved/Config/Windows/Engine.ini]
[2019.06.18-04.46.47:356][  0]LogConfig: Setting CVar [[s.MinBulkDataSizeForAsyncLoading:131072]]
[2019.06.18-04.46.47:356][  0]LogConfig: Setting CVar [[s.AsyncLoadingThreadEnabled:0]]
[2019.06.18-04.46.47:356][  0]LogConfig: Setting CVar [[s.EventDrivenLoaderEnabled:1]]
[2019.06.18-04.46.47:356][  0]LogConfig: Setting CVar [[s.WarnIfTimeLimitExceeded:0]]
[2019.06.18-04.46.47:356][  0]LogConfig: Setting CVar [[s.TimeLimitExceededMultiplier:1.5]]
[2019.06.18-04.46.47:356][  0]LogConfig: Setting CVar [[s.TimeLimitExceededMinTime:0.005]]
[2019.06.18-04.46.47:356][  0]LogConfig: Setting CVar [[s.UseBackgroundLevelStreaming:1]]
[2019.06.18-04.46.47:356][  0]LogConfig: Setting CVar [[s.PriorityAsyncLoadingExtraTime:15.0]]
[2019.06.18-04.46.47:356][  0]LogConfig: Setting CVar [[s.LevelStreamingActorsUpdateTimeLimit:5.0]]
[2019.06.18-04.46.47:356][  0]LogConfig: Setting CVar [[s.PriorityLevelStreamingActorsUpdateExtraTime:5.0]]
[2019.06.18-04.46.47:356][  0]LogConfig: Setting CVar [[s.LevelStreamingComponentsRegistrationGranularity:10]]
[2019.06.18-04.46.47:356][  0]LogConfig: Setting CVar [[s.UnregisterComponentsTimeLimit:1.0]]
[2019.06.18-04.46.47:357][  0]LogConfig: Setting CVar [[s.LevelStreamingComponentsUnregistrationGranularity:5]]
[2019.06.18-04.46.47:357][  0]LogConfig: Applying CVar settings from Section [/Script/Engine.GarbageCollectionSettings] File [C:/Users/Whitt/Documents/GitHub/AssetPipeline/EAE3010SRassign001/Saved/Config/Windows/Engine.ini]
[2019.06.18-04.46.47:357][  0]LogConfig: Setting CVar [[gc.MaxObjectsNotConsideredByGC:1]]
[2019.06.18-04.46.47:357][  0]LogConfig: Setting CVar [[gc.SizeOfPermanentObjectPool:0]]
[2019.06.18-04.46.47:357][  0]LogConfig: Setting CVar [[gc.FlushStreamingOnGC:0]]
[2019.06.18-04.46.47:357][  0]LogConfig: Setting CVar [[gc.NumRetriesBeforeForcingGC:10]]
[2019.06.18-04.46.47:357][  0]LogConfig: Setting CVar [[gc.AllowParallelGC:1]]
[2019.06.18-04.46.47:357][  0]LogConfig: Setting CVar [[gc.TimeBetweenPurgingPendingKillObjects:61.1]]
[2019.06.18-04.46.47:357][  0]LogConfig: Setting CVar [[gc.MaxObjectsInEditor:16777216]]
[2019.06.18-04.46.47:357][  0]LogConfig: Setting CVar [[gc.IncrementalBeginDestroyEnabled:1]]
[2019.06.18-04.46.47:357][  0]LogConfig: Setting CVar [[gc.CreateGCClusters:1]]
[2019.06.18-04.46.47:357][  0]LogConfig: Setting CVar [[gc.MinGCClusterSize:5]]
[2019.06.18-04.46.47:357][  0]LogConfig: Setting CVar [[gc.ActorClusteringEnabled:0]]
[2019.06.18-04.46.47:357][  0]LogConfig: Setting CVar [[gc.BlueprintClusteringEnabled:0]]
[2019.06.18-04.46.47:357][  0]LogConfig: Setting CVar [[gc.UseDisregardForGCOnDedicatedServers:0]]
[2019.06.18-04.46.47:357][  0]LogConfig: Applying CVar settings from Section [/Script/Engine.NetworkSettings] File [C:/Users/Whitt/Documents/GitHub/AssetPipeline/EAE3010SRassign001/Saved/Config/Windows/Engine.ini]
[2019.06.18-04.46.47:357][  0]LogConfig: Applying CVar settings from Section [/Script/UnrealEd.CookerSettings] File [C:/Users/Whitt/Documents/GitHub/AssetPipeline/EAE3010SRassign001/Saved/Config/Windows/Engine.ini]
[2019.06.18-04.46.47:366][  0]LogConfig: Applying CVar settings from Section [ViewDistanceQuality@3] File [C:/Users/Whitt/Documents/GitHub/AssetPipeline/EAE3010SRassign001/Saved/Config/Windows/Scalability.ini]
[2019.06.18-04.46.47:366][  0]LogConfig: Setting CVar [[r.SkeletalMeshLODBias:0]]
[2019.06.18-04.46.47:366][  0]LogConfig: Setting CVar [[r.ViewDistanceScale:1.0]]
[2019.06.18-04.46.47:366][  0]LogConfig: Applying CVar settings from Section [AntiAliasingQuality@3] File [C:/Users/Whitt/Documents/GitHub/AssetPipeline/EAE3010SRassign001/Saved/Config/Windows/Scalability.ini]
[2019.06.18-04.46.47:366][  0]LogConfig: Setting CVar [[r.PostProcessAAQuality:4]]
[2019.06.18-04.46.47:366][  0]LogConfig: Applying CVar settings from Section [ShadowQuality@3] File [C:/Users/Whitt/Documents/GitHub/AssetPipeline/EAE3010SRassign001/Saved/Config/Windows/Scalability.ini]
[2019.06.18-04.46.47:366][  0]LogConfig: Setting CVar [[r.LightFunctionQuality:1]]
[2019.06.18-04.46.47:366][  0]LogConfig: Setting CVar [[r.ShadowQuality:5]]
[2019.06.18-04.46.47:366][  0]LogConfig: Setting CVar [[r.Shadow.CSM.MaxCascades:10]]
[2019.06.18-04.46.47:366][  0]LogConfig: Setting CVar [[r.Shadow.MaxResolution:2048]]
[2019.06.18-04.46.47:366][  0]LogConfig: Setting CVar [[r.Shadow.MaxCSMResolution:2048]]
[2019.06.18-04.46.47:366][  0]LogConfig: Setting CVar [[r.Shadow.RadiusThreshold:0.01]]
[2019.06.18-04.46.47:366][  0]LogConfig: Setting CVar [[r.Shadow.DistanceScale:1.0]]
[2019.06.18-04.46.47:366][  0]LogConfig: Setting CVar [[r.Shadow.CSM.TransitionScale:1.0]]
[2019.06.18-04.46.47:366][  0]LogConfig: Setting CVar [[r.Shadow.PreShadowResolutionFactor:1.0]]
[2019.06.18-04.46.47:366][  0]LogConfig: Setting CVar [[r.DistanceFieldShadowing:1]]
[2019.06.18-04.46.47:366][  0]LogConfig: Setting CVar [[r.DistanceFieldAO:1]]
[2019.06.18-04.46.47:367][  0]LogConfig: Setting CVar [[r.AOQuality:2]]
[2019.06.18-04.46.47:367][  0]LogConfig: Setting CVar [[r.VolumetricFog:1]]
[2019.06.18-04.46.47:367][  0]LogConfig: Setting CVar [[r.VolumetricFog.GridPixelSize:8]]
[2019.06.18-04.46.47:367][  0]LogConfig: Setting CVar [[r.VolumetricFog.GridSizeZ:128]]
[2019.06.18-04.46.47:367][  0]LogConfig: Setting CVar [[r.VolumetricFog.HistoryMissSupersampleCount:4]]
[2019.06.18-04.46.47:367][  0]LogConfig: Setting CVar [[r.LightMaxDrawDistanceScale:1]]
[2019.06.18-04.46.47:367][  0]LogConfig: Setting CVar [[r.CapsuleShadows:1]]
[2019.06.18-04.46.47:367][  0]LogConfig: Applying CVar settings from Section [PostProcessQuality@3] File [C:/Users/Whitt/Documents/GitHub/AssetPipeline/EAE3010SRassign001/Saved/Config/Windows/Scalability.ini]
[2019.06.18-04.46.47:367][  0]LogConfig: Setting CVar [[r.MotionBlurQuality:4]]
[2019.06.18-04.46.47:367][  0]LogConfig: Setting CVar [[r.AmbientOcclusionMipLevelFactor:0.4]]
[2019.06.18-04.46.47:367][  0]LogConfig: Setting CVar [[r.AmbientOcclusionMaxQuality:100]]
[2019.06.18-04.46.47:367][  0]LogConfig: Setting CVar [[r.AmbientOcclusionLevels:-1]]
[2019.06.18-04.46.47:367][  0]LogConfig: Setting CVar [[r.AmbientOcclusionRadiusScale:1.0]]
[2019.06.18-04.46.47:367][  0]LogConfig: Setting CVar [[r.DepthOfFieldQuality:2]]
[2019.06.18-04.46.47:367][  0]LogConfig: Setting CVar [[r.RenderTargetPoolMin:400]]
[2019.06.18-04.46.47:367][  0]LogConfig: Setting CVar [[r.LensFlareQuality:2]]
[2019.06.18-04.46.47:367][  0]LogConfig: Setting CVar [[r.SceneColorFringeQuality:1]]
[2019.06.18-04.46.47:367][  0]LogConfig: Setting CVar [[r.EyeAdaptationQuality:2]]
[2019.06.18-04.46.47:367][  0]LogConfig: Setting CVar [[r.BloomQuality:5]]
[2019.06.18-04.46.47:367][  0]LogConfig: Setting CVar [[r.FastBlurThreshold:100]]
[2019.06.18-04.46.47:367][  0]LogConfig: Setting CVar [[r.Upscale.Quality:3]]
[2019.06.18-04.46.47:367][  0]LogConfig: Setting CVar [[r.Tonemapper.GrainQuantization:1]]
[2019.06.18-04.46.47:367][  0]LogConfig: Setting CVar [[r.LightShaftQuality:1]]
[2019.06.18-04.46.47:367][  0]LogConfig: Setting CVar [[r.Filter.SizeScale:1]]
[2019.06.18-04.46.47:367][  0]LogConfig: Setting CVar [[r.Tonemapper.Quality:5]]
[2019.06.18-04.46.47:367][  0]LogConfig: Setting CVar [[r.DOF.Gather.AccumulatorQuality:1        ; higher gathering accumulator quality]]
[2019.06.18-04.46.47:367][  0]LogConfig: Setting CVar [[r.DOF.Gather.PostfilterMethod:1          ; Median3x3 postfilering method]]
[2019.06.18-04.46.47:367][  0]LogConfig: Setting CVar [[r.DOF.Gather.EnableBokehSettings:0       ; no bokeh simulation when gathering]]
[2019.06.18-04.46.47:367][  0]LogConfig: Setting CVar [[r.DOF.Gather.RingCount:4                 ; medium number of samples when gathering]]
[2019.06.18-04.46.47:367][  0]LogConfig: Setting CVar [[r.DOF.Scatter.ForegroundCompositing:1    ; additive foreground scattering]]
[2019.06.18-04.46.47:367][  0]LogConfig: Setting CVar [[r.DOF.Scatter.BackgroundCompositing:2    ; additive background scattering]]
[2019.06.18-04.46.47:367][  0]LogConfig: Setting CVar [[r.DOF.Scatter.EnableBokehSettings:1      ; bokeh simulation when scattering]]
[2019.06.18-04.46.47:367][  0]LogConfig: Setting CVar [[r.DOF.Scatter.MaxSpriteRatio:0.1         ; only a maximum of 10% of scattered bokeh]]
[2019.06.18-04.46.47:367][  0]LogConfig: Setting CVar [[r.DOF.Recombine.Quality:1                ; cheap slight out of focus]]
[2019.06.18-04.46.47:367][  0]LogConfig: Setting CVar [[r.DOF.Recombine.EnableBokehSettings:0    ; no bokeh simulation on slight out of focus]]
[2019.06.18-04.46.47:367][  0]LogConfig: Setting CVar [[r.DOF.TemporalAAQuality:1                ; more stable temporal accumulation]]
[2019.06.18-04.46.47:367][  0]LogConfig: Setting CVar [[r.DOF.Kernel.MaxForegroundRadius:0.025]]
[2019.06.18-04.46.47:367][  0]LogConfig: Setting CVar [[r.DOF.Kernel.MaxBackgroundRadius:0.025]]
[2019.06.18-04.46.47:367][  0]LogConfig: Applying CVar settings from Section [TextureQuality@3] File [C:/Users/Whitt/Documents/GitHub/AssetPipeline/EAE3010SRassign001/Saved/Config/Windows/Scalability.ini]
[2019.06.18-04.46.47:367][  0]LogConfig: Setting CVar [[r.Streaming.MipBias:0]]
[2019.06.18-04.46.47:367][  0]LogConfig: Setting CVar [[r.Streaming.AmortizeCPUToGPUCopy:0]]
[2019.06.18-04.46.47:367][  0]LogConfig: Setting CVar [[r.Streaming.MaxNumTexturesToStreamPerFrame:0]]
[2019.06.18-04.46.47:367][  0]LogConfig: Setting CVar [[r.Streaming.Boost:1]]
[2019.06.18-04.46.47:367][  0]LogConfig: Setting CVar [[r.MaxAnisotropy:8]]
[2019.06.18-04.46.47:367][  0]LogConfig: Setting CVar [[r.Streaming.LimitPoolSizeToVRAM:0]]
[2019.06.18-04.46.47:367][  0]LogConfig: Setting CVar [[r.Streaming.PoolSize:1000]]
[2019.06.18-04.46.47:367][  0]LogConfig: Setting CVar [[r.Streaming.MaxEffectiveScreenSize:0]]
[2019.06.18-04.46.47:367][  0]LogConfig: Applying CVar settings from Section [EffectsQuality@3] File [C:/Users/Whitt/Documents/GitHub/AssetPipeline/EAE3010SRassign001/Saved/Config/Windows/Scalability.ini]
[2019.06.18-04.46.47:367][  0]LogConfig: Setting CVar [[r.TranslucencyLightingVolumeDim:64]]
[2019.06.18-04.46.47:367][  0]LogConfig: Setting CVar [[r.RefractionQuality:2]]
[2019.06.18-04.46.47:367][  0]LogConfig: Setting CVar [[r.SSR.Quality:3]]
[2019.06.18-04.46.47:367][  0]LogConfig: Setting CVar [[r.SceneColorFormat:4]]
[2019.06.18-04.46.47:367][  0]LogConfig: Setting CVar [[r.DetailMode:2]]
[2019.06.18-04.46.47:367][  0]LogConfig: Setting CVar [[r.TranslucencyVolumeBlur:1]]
[2019.06.18-04.46.47:367][  0]LogConfig: Setting CVar [[r.MaterialQualityLevel:1 ; High quality]]
[2019.06.18-04.46.47:367][  0]LogConfig: Setting CVar [[r.SSS.Scale:1]]
[2019.06.18-04.46.47:367][  0]LogConfig: Setting CVar [[r.SSS.SampleSet:2]]
[2019.06.18-04.46.47:367][  0]LogConfig: Setting CVar [[r.SSS.Quality:1]]
[2019.06.18-04.46.47:367][  0]LogConfig: Setting CVar [[r.SSS.HalfRes:1]]
[2019.06.18-04.46.47:367][  0]LogConfig: Setting CVar [[r.EmitterSpawnRateScale:1.0]]
[2019.06.18-04.46.47:367][  0]LogConfig: Setting CVar [[r.ParticleLightQuality:2]]
[2019.06.18-04.46.47:367][  0]LogConfig: Applying CVar settings from Section [FoliageQuality@3] File [C:/Users/Whitt/Documents/GitHub/AssetPipeline/EAE3010SRassign001/Saved/Config/Windows/Scalability.ini]
[2019.06.18-04.46.47:367][  0]LogConfig: Setting CVar [[foliage.DensityScale:1.0]]
[2019.06.18-04.46.47:367][  0]LogConfig: Setting CVar [[grass.DensityScale:1.0]]
[2019.06.18-04.46.47:367][  0]LogInit: Selected Device Profile: [Windows]
[2019.06.18-04.46.47:367][  0]LogInit: Applying CVar settings loaded from the selected device profile: [Windows]
[2019.06.18-04.46.47:381][  0]LogHAL: Display: Platform has ~ 16 GB [17049358336 / 17179869184 / 16], which maps to Larger [LargestMinGB=32, LargerMinGB=12, DefaultMinGB=8, SmallerMinGB=6, SmallestMinGB=0)
[2019.06.18-04.46.47:381][  0]LogConfig: Setting CVar [[r.Vulkan.UseRealUBs:0		; Required until we fix HLR fall-out]]
[2019.06.18-04.46.47:381][  0]LogInit: Going up to parent DeviceProfile []
[2019.06.18-04.46.47:381][  0]LogConfig: Applying CVar settings from Section [ViewDistanceQuality@3] File [C:/Users/Whitt/Documents/GitHub/AssetPipeline/EAE3010SRassign001/Saved/Config/Windows/Scalability.ini]
[2019.06.18-04.46.47:381][  0]LogConfig: Setting CVar [[r.SkeletalMeshLODBias:0]]
[2019.06.18-04.46.47:381][  0]LogConfig: Setting CVar [[r.ViewDistanceScale:1.0]]
[2019.06.18-04.46.47:381][  0]LogConfig: Applying CVar settings from Section [AntiAliasingQuality@3] File [C:/Users/Whitt/Documents/GitHub/AssetPipeline/EAE3010SRassign001/Saved/Config/Windows/Scalability.ini]
[2019.06.18-04.46.47:381][  0]LogConfig: Setting CVar [[r.PostProcessAAQuality:4]]
[2019.06.18-04.46.47:382][  0]LogConfig: Applying CVar settings from Section [ShadowQuality@3] File [C:/Users/Whitt/Documents/GitHub/AssetPipeline/EAE3010SRassign001/Saved/Config/Windows/Scalability.ini]
[2019.06.18-04.46.47:382][  0]LogConfig: Setting CVar [[r.LightFunctionQuality:1]]
[2019.06.18-04.46.47:382][  0]LogConfig: Setting CVar [[r.ShadowQuality:5]]
[2019.06.18-04.46.47:382][  0]LogConfig: Setting CVar [[r.Shadow.CSM.MaxCascades:10]]
[2019.06.18-04.46.47:382][  0]LogConfig: Setting CVar [[r.Shadow.MaxResolution:2048]]
[2019.06.18-04.46.47:382][  0]LogConfig: Setting CVar [[r.Shadow.MaxCSMResolution:2048]]
[2019.06.18-04.46.47:382][  0]LogConfig: Setting CVar [[r.Shadow.RadiusThreshold:0.01]]
[2019.06.18-04.46.47:382][  0]LogConfig: Setting CVar [[r.Shadow.DistanceScale:1.0]]
[2019.06.18-04.46.47:382][  0]LogConfig: Setting CVar [[r.Shadow.CSM.TransitionScale:1.0]]
[2019.06.18-04.46.47:382][  0]LogConfig: Setting CVar [[r.Shadow.PreShadowResolutionFactor:1.0]]
[2019.06.18-04.46.47:382][  0]LogConfig: Setting CVar [[r.DistanceFieldShadowing:1]]
[2019.06.18-04.46.47:382][  0]LogConfig: Setting CVar [[r.DistanceFieldAO:1]]
[2019.06.18-04.46.47:382][  0]LogConfig: Setting CVar [[r.AOQuality:2]]
[2019.06.18-04.46.47:382][  0]LogConfig: Setting CVar [[r.VolumetricFog:1]]
[2019.06.18-04.46.47:382][  0]LogConfig: Setting CVar [[r.VolumetricFog.GridPixelSize:8]]
[2019.06.18-04.46.47:382][  0]LogConfig: Setting CVar [[r.VolumetricFog.GridSizeZ:128]]
[2019.06.18-04.46.47:382][  0]LogConfig: Setting CVar [[r.VolumetricFog.HistoryMissSupersampleCount:4]]
[2019.06.18-04.46.47:382][  0]LogConfig: Setting CVar [[r.LightMaxDrawDistanceScale:1]]
[2019.06.18-04.46.47:382][  0]LogConfig: Setting CVar [[r.CapsuleShadows:1]]
[2019.06.18-04.46.47:382][  0]LogConfig: Applying CVar settings from Section [PostProcessQuality@3] File [C:/Users/Whitt/Documents/GitHub/AssetPipeline/EAE3010SRassign001/Saved/Config/Windows/Scalability.ini]
[2019.06.18-04.46.47:382][  0]LogConfig: Setting CVar [[r.MotionBlurQuality:4]]
[2019.06.18-04.46.47:382][  0]LogConfig: Setting CVar [[r.AmbientOcclusionMipLevelFactor:0.4]]
[2019.06.18-04.46.47:382][  0]LogConfig: Setting CVar [[r.AmbientOcclusionMaxQuality:100]]
[2019.06.18-04.46.47:382][  0]LogConfig: Setting CVar [[r.AmbientOcclusionLevels:-1]]
[2019.06.18-04.46.47:382][  0]LogConfig: Setting CVar [[r.AmbientOcclusionRadiusScale:1.0]]
[2019.06.18-04.46.47:382][  0]LogConfig: Setting CVar [[r.DepthOfFieldQuality:2]]
[2019.06.18-04.46.47:382][  0]LogConfig: Setting CVar [[r.RenderTargetPoolMin:400]]
[2019.06.18-04.46.47:382][  0]LogConfig: Setting CVar [[r.LensFlareQuality:2]]
[2019.06.18-04.46.47:382][  0]LogConfig: Setting CVar [[r.SceneColorFringeQuality:1]]
[2019.06.18-04.46.47:382][  0]LogConfig: Setting CVar [[r.EyeAdaptationQuality:2]]
[2019.06.18-04.46.47:382][  0]LogConfig: Setting CVar [[r.BloomQuality:5]]
[2019.06.18-04.46.47:382][  0]LogConfig: Setting CVar [[r.FastBlurThreshold:100]]
[2019.06.18-04.46.47:382][  0]LogConfig: Setting CVar [[r.Upscale.Quality:3]]
[2019.06.18-04.46.47:382][  0]LogConfig: Setting CVar [[r.Tonemapper.GrainQuantization:1]]
[2019.06.18-04.46.47:382][  0]LogConfig: Setting CVar [[r.LightShaftQuality:1]]
[2019.06.18-04.46.47:382][  0]LogConfig: Setting CVar [[r.Filter.SizeScale:1]]
[2019.06.18-04.46.47:382][  0]LogConfig: Setting CVar [[r.Tonemapper.Quality:5]]
[2019.06.18-04.46.47:382][  0]LogConfig: Setting CVar [[r.DOF.Gather.AccumulatorQuality:1        ; higher gathering accumulator quality]]
[2019.06.18-04.46.47:382][  0]LogConfig: Setting CVar [[r.DOF.Gather.PostfilterMethod:1          ; Median3x3 postfilering method]]
[2019.06.18-04.46.47:382][  0]LogConfig: Setting CVar [[r.DOF.Gather.EnableBokehSettings:0       ; no bokeh simulation when gathering]]
[2019.06.18-04.46.47:382][  0]LogConfig: Setting CVar [[r.DOF.Gather.RingCount:4                 ; medium number of samples when gathering]]
[2019.06.18-04.46.47:382][  0]LogConfig: Setting CVar [[r.DOF.Scatter.ForegroundCompositing:1    ; additive foreground scattering]]
[2019.06.18-04.46.47:382][  0]LogConfig: Setting CVar [[r.DOF.Scatter.BackgroundCompositing:2    ; additive background scattering]]
[2019.06.18-04.46.47:382][  0]LogConfig: Setting CVar [[r.DOF.Scatter.EnableBokehSettings:1      ; bokeh simulation when scattering]]
[2019.06.18-04.46.47:382][  0]LogConfig: Setting CVar [[r.DOF.Scatter.MaxSpriteRatio:0.1         ; only a maximum of 10% of scattered bokeh]]
[2019.06.18-04.46.47:382][  0]LogConfig: Setting CVar [[r.DOF.Recombine.Quality:1                ; cheap slight out of focus]]
[2019.06.18-04.46.47:382][  0]LogConfig: Setting CVar [[r.DOF.Recombine.EnableBokehSettings:0    ; no bokeh simulation on slight out of focus]]
[2019.06.18-04.46.47:382][  0]LogConfig: Setting CVar [[r.DOF.TemporalAAQuality:1                ; more stable temporal accumulation]]
[2019.06.18-04.46.47:382][  0]LogConfig: Setting CVar [[r.DOF.Kernel.MaxForegroundRadius:0.025]]
[2019.06.18-04.46.47:382][  0]LogConfig: Setting CVar [[r.DOF.Kernel.MaxBackgroundRadius:0.025]]
[2019.06.18-04.46.47:382][  0]LogConfig: Applying CVar settings from Section [TextureQuality@3] File [C:/Users/Whitt/Documents/GitHub/AssetPipeline/EAE3010SRassign001/Saved/Config/Windows/Scalability.ini]
[2019.06.18-04.46.47:382][  0]LogConfig: Setting CVar [[r.Streaming.MipBias:0]]
[2019.06.18-04.46.47:382][  0]LogConfig: Setting CVar [[r.Streaming.AmortizeCPUToGPUCopy:0]]
[2019.06.18-04.46.47:382][  0]LogConfig: Setting CVar [[r.Streaming.MaxNumTexturesToStreamPerFrame:0]]
[2019.06.18-04.46.47:382][  0]LogConfig: Setting CVar [[r.Streaming.Boost:1]]
[2019.06.18-04.46.47:382][  0]LogConfig: Setting CVar [[r.MaxAnisotropy:8]]
[2019.06.18-04.46.47:382][  0]LogConfig: Setting CVar [[r.Streaming.LimitPoolSizeToVRAM:0]]
[2019.06.18-04.46.47:382][  0]LogConfig: Setting CVar [[r.Streaming.PoolSize:1000]]
[2019.06.18-04.46.47:382][  0]LogConfig: Setting CVar [[r.Streaming.MaxEffectiveScreenSize:0]]
[2019.06.18-04.46.47:382][  0]LogConfig: Applying CVar settings from Section [EffectsQuality@3] File [C:/Users/Whitt/Documents/GitHub/AssetPipeline/EAE3010SRassign001/Saved/Config/Windows/Scalability.ini]
[2019.06.18-04.46.47:382][  0]LogConfig: Setting CVar [[r.TranslucencyLightingVolumeDim:64]]
[2019.06.18-04.46.47:382][  0]LogConfig: Setting CVar [[r.RefractionQuality:2]]
[2019.06.18-04.46.47:382][  0]LogConfig: Setting CVar [[r.SSR.Quality:3]]
[2019.06.18-04.46.47:382][  0]LogConfig: Setting CVar [[r.SceneColorFormat:4]]
[2019.06.18-04.46.47:382][  0]LogConfig: Setting CVar [[r.DetailMode:2]]
[2019.06.18-04.46.47:382][  0]LogConfig: Setting CVar [[r.TranslucencyVolumeBlur:1]]
[2019.06.18-04.46.47:382][  0]LogConfig: Setting CVar [[r.MaterialQualityLevel:1 ; High quality]]
[2019.06.18-04.46.47:382][  0]LogConfig: Setting CVar [[r.SSS.Scale:1]]
[2019.06.18-04.46.47:382][  0]LogConfig: Setting CVar [[r.SSS.SampleSet:2]]
[2019.06.18-04.46.47:382][  0]LogConfig: Setting CVar [[r.SSS.Quality:1]]
[2019.06.18-04.46.47:382][  0]LogConfig: Setting CVar [[r.SSS.HalfRes:1]]
[2019.06.18-04.46.47:382][  0]LogConfig: Setting CVar [[r.EmitterSpawnRateScale:1.0]]
[2019.06.18-04.46.47:382][  0]LogConfig: Setting CVar [[r.ParticleLightQuality:2]]
[2019.06.18-04.46.47:382][  0]LogConfig: Applying CVar settings from Section [FoliageQuality@3] File [C:/Users/Whitt/Documents/GitHub/AssetPipeline/EAE3010SRassign001/Saved/Config/Windows/Scalability.ini]
[2019.06.18-04.46.47:382][  0]LogConfig: Setting CVar [[foliage.DensityScale:1.0]]
[2019.06.18-04.46.47:382][  0]LogConfig: Setting CVar [[grass.DensityScale:1.0]]
[2019.06.18-04.46.47:382][  0]LogConfig: Applying CVar settings from Section [Startup] File [../../../Engine/Config/ConsoleVariables.ini]
[2019.06.18-04.46.47:383][  0]LogConfig: Setting CVar [[net.UseAdaptiveNetUpdateFrequency:0]]
[2019.06.18-04.46.47:383][  0]LogConfig: Setting CVar [[p.chaos.AllowCreatePhysxBodies:1]]
[2019.06.18-04.46.47:383][  0]LogConfig: Applying CVar settings from Section [ConsoleVariables] File [C:/Users/Whitt/Documents/GitHub/AssetPipeline/EAE3010SRassign001/Saved/Config/Windows/Engine.ini]
[2019.06.18-04.46.47:383][  0]LogInit: Computer: DESKTOP-Q9BCIRE
[2019.06.18-04.46.47:383][  0]LogInit: User: Whitt
[2019.06.18-04.46.47:383][  0]LogInit: CPU Page size=4096, Cores=4
[2019.06.18-04.46.47:383][  0]LogInit: High frequency timer resolution =2.742191 MHz
[2019.06.18-04.46.47:383][  0]LogMemory: Memory total: Physical=15.9GB (16GB approx)
[2019.06.18-04.46.47:383][  0]LogMemory: Platform Memory Stats for Windows
[2019.06.18-04.46.47:383][  0]LogMemory: Process Physical Memory: 96.09 MB used, 96.09 MB peak
[2019.06.18-04.46.47:383][  0]LogMemory: Process Virtual Memory: 90.69 MB used, 90.69 MB peak
[2019.06.18-04.46.47:383][  0]LogMemory: Physical Memory: 7726.04 MB used,  8533.50 MB free, 16259.54 MB total
[2019.06.18-04.46.47:383][  0]LogMemory: Virtual Memory: 4660.68 MB used,  134213064.00 MB free, 134217728.00 MB total
[2019.06.18-04.46.47:411][  0]LogInit: Using OS detected language (en-US).
[2019.06.18-04.46.47:411][  0]LogInit: Using OS detected locale (en-US).
[2019.06.18-04.46.47:412][  0]LogTextLocalizationManager: No specific localization for 'en-US' exists, so the 'en' localization will be used.
[2019.06.18-04.46.47:661][  0]LogInit: Setting process to per monitor DPI aware
[2019.06.18-04.46.47:722][  0]LogSlate: New Slate User Created.  User Index 0, Is Virtual User: 0
[2019.06.18-04.46.47:722][  0]LogSlate: Slate User Registered.  User Index 0, Is Virtual User: 0
[2019.06.18-04.46.47:959][  0]LogHMD: Failed to initialize OpenVR with code 110
[2019.06.18-04.46.47:959][  0]LogD3D11RHI: D3D11 adapters:
[2019.06.18-04.46.48:053][  0]LogD3D11RHI:    0. 'NVIDIA GeForce GTX 1060' (Feature Level 11_0)
[2019.06.18-04.46.48:053][  0]LogD3D11RHI:       6052/0/8129 MB DedicatedVideo/DedicatedSystem/SharedSystem, Outputs:1, VendorId:0x10de
[2019.06.18-04.46.48:073][  0]LogD3D11RHI:    1. 'Intel(R) HD Graphics 630' (Feature Level 11_0)
[2019.06.18-04.46.48:073][  0]LogD3D11RHI:       128/0/8129 MB DedicatedVideo/DedicatedSystem/SharedSystem, Outputs:1, VendorId:0x8086
[2019.06.18-04.46.48:076][  0]LogD3D11RHI:    2. 'Microsoft Basic Render Driver' (Feature Level 11_0)
[2019.06.18-04.46.48:076][  0]LogD3D11RHI:       0/0/8129 MB DedicatedVideo/DedicatedSystem/SharedSystem, Outputs:0, VendorId:0x1414
[2019.06.18-04.46.48:076][  0]LogD3D11RHI: Chosen D3D11 Adapter: 0
[2019.06.18-04.46.48:086][  0]LogD3D11RHI: Creating new Direct3DDevice
[2019.06.18-04.46.48:087][  0]LogD3D11RHI:     GPU DeviceId: 0x1c20 (for the marketing name, search the web for "GPU Device Id")
[2019.06.18-04.46.48:087][  0]LogWindows: EnumDisplayDevices:
[2019.06.18-04.46.48:087][  0]LogWindows:    0. 'Intel(R) HD Graphics 630' (P:0 D:1)
[2019.06.18-04.46.48:087][  0]LogWindows:    1. 'Intel(R) HD Graphics 630' (P:0 D:0)
[2019.06.18-04.46.48:087][  0]LogWindows:    2. 'Intel(R) HD Graphics 630' (P:0 D:0)
[2019.06.18-04.46.48:088][  0]LogWindows:    3. 'NVIDIA GeForce GTX 1060' (P:1 D:1)
[2019.06.18-04.46.48:088][  0]LogWindows:    4. 'NVIDIA GeForce GTX 1060' (P:0 D:0)
[2019.06.18-04.46.48:088][  0]LogWindows:    5. 'NVIDIA GeForce GTX 1060' (P:0 D:0)
[2019.06.18-04.46.48:088][  0]LogWindows:    6. 'NVIDIA GeForce GTX 1060' (P:0 D:0)
[2019.06.18-04.46.48:088][  0]LogWindows: DebugString: PrimaryIsNotTheChoosenAdapter PrimaryIsNotTheChoosenAdapter PrimaryIsNotTheChoosenAdapter FoundDriverCount:4 
[2019.06.18-04.46.48:088][  0]LogD3D11RHI:     Adapter Name: NVIDIA GeForce GTX 1060
[2019.06.18-04.46.48:088][  0]LogD3D11RHI:   Driver Version: 417.35 (internal:25.21.14.1735, unified:417.35)
[2019.06.18-04.46.48:088][  0]LogD3D11RHI:      Driver Date: 12-11-2018
[2019.06.18-04.46.48:088][  0]LogRHI: Texture pool is 4236 MB (70% of 6052 MB)
[2019.06.18-04.46.48:151][  0]LogD3D11RHI: Async texture creation enabled
[2019.06.18-04.46.48:168][  0]LogRendererCore: FGlobalReadBuffer::InitRHI
[2019.06.18-04.46.48:169][  0]LogRendererCore: FGlobalReadBuffer::InitRHI
[2019.06.18-04.46.48:169][  0]LogRendererCore: FGlobalReadBuffer::InitRHI
[2019.06.18-04.46.48:185][  0]LogD3D11RHI: GPU Timing Frequency: 1000.000000 (Debug: 2 2)
[2019.06.18-04.46.48:617][  0]LogTemp: Display: Module 'AllDesktopTargetPlatform' loaded TargetPlatform 'AllDesktop'
[2019.06.18-04.46.48:634][  0]LogTemp: Display: Module 'MacClientTargetPlatform' loaded TargetPlatform 'MacClient'
[2019.06.18-04.46.48:651][  0]LogTemp: Display: Module 'MacNoEditorTargetPlatform' loaded TargetPlatform 'MacNoEditor'
[2019.06.18-04.46.48:672][  0]LogTemp: Display: Module 'MacServerTargetPlatform' loaded TargetPlatform 'MacServer'
[2019.06.18-04.46.48:687][  0]LogTemp: Display: Module 'MacTargetPlatform' loaded TargetPlatform 'Mac'
[2019.06.18-04.46.48:707][  0]LogTemp: Display: Module 'WindowsClientTargetPlatform' loaded TargetPlatform 'WindowsClient'
[2019.06.18-04.46.48:722][  0]LogTemp: Display: Module 'WindowsNoEditorTargetPlatform' loaded TargetPlatform 'WindowsNoEditor'
[2019.06.18-04.46.48:742][  0]LogTemp: Display: Module 'WindowsServerTargetPlatform' loaded TargetPlatform 'WindowsServer'
[2019.06.18-04.46.48:751][  0]LogTemp: Display: Module 'WindowsTargetPlatform' loaded TargetPlatform 'Windows'
[2019.06.18-04.46.48:843][  0]LogTemp: Display: Module 'AndroidTargetPlatform' loaded TargetPlatform 'Android'
[2019.06.18-04.46.48:843][  0]LogTemp: Display: Module 'AndroidTargetPlatform' loaded TargetPlatform 'Android_ASTC'
[2019.06.18-04.46.48:843][  0]LogTemp: Display: Module 'AndroidTargetPlatform' loaded TargetPlatform 'Android_ATC'
[2019.06.18-04.46.48:843][  0]LogTemp: Display: Module 'AndroidTargetPlatform' loaded TargetPlatform 'Android_DXT'
[2019.06.18-04.46.48:843][  0]LogTemp: Display: Module 'AndroidTargetPlatform' loaded TargetPlatform 'Android_ETC1'
[2019.06.18-04.46.48:843][  0]LogTemp: Display: Module 'AndroidTargetPlatform' loaded TargetPlatform 'Android_ETC1a'
[2019.06.18-04.46.48:843][  0]LogTemp: Display: Module 'AndroidTargetPlatform' loaded TargetPlatform 'Android_ETC2'
[2019.06.18-04.46.48:843][  0]LogTemp: Display: Module 'AndroidTargetPlatform' loaded TargetPlatform 'Android_PVRTC'
[2019.06.18-04.46.48:843][  0]LogTemp: Display: Module 'AndroidTargetPlatform' loaded TargetPlatform 'AndroidClient'
[2019.06.18-04.46.48:843][  0]LogTemp: Display: Module 'AndroidTargetPlatform' loaded TargetPlatform 'Android_ASTCClient'
[2019.06.18-04.46.48:843][  0]LogTemp: Display: Module 'AndroidTargetPlatform' loaded TargetPlatform 'Android_ATCClient'
[2019.06.18-04.46.48:843][  0]LogTemp: Display: Module 'AndroidTargetPlatform' loaded TargetPlatform 'Android_DXTClient'
[2019.06.18-04.46.48:843][  0]LogTemp: Display: Module 'AndroidTargetPlatform' loaded TargetPlatform 'Android_ETC1Client'
[2019.06.18-04.46.48:843][  0]LogTemp: Display: Module 'AndroidTargetPlatform' loaded TargetPlatform 'Android_ETC1aClient'
[2019.06.18-04.46.48:843][  0]LogTemp: Display: Module 'AndroidTargetPlatform' loaded TargetPlatform 'Android_ETC2Client'
[2019.06.18-04.46.48:843][  0]LogTemp: Display: Module 'AndroidTargetPlatform' loaded TargetPlatform 'Android_PVRTCClient'
[2019.06.18-04.46.48:844][  0]LogTemp: Display: Module 'AndroidTargetPlatform' loaded TargetPlatform 'Android_Multi'
[2019.06.18-04.46.48:844][  0]LogTemp: Display: Module 'AndroidTargetPlatform' loaded TargetPlatform 'Android_MultiClient'
[2019.06.18-04.46.48:845][  0]LogTemp: Display: Module 'HTML5TargetPlatform' loaded TargetPlatform 'HTML5'
[2019.06.18-04.46.48:899][  0]LogTemp: Display: Module 'IOSTargetPlatform' loaded TargetPlatform 'IOSClient'
[2019.06.18-04.46.48:899][  0]LogTemp: Display: Module 'IOSTargetPlatform' loaded TargetPlatform 'IOS'
[2019.06.18-04.46.48:928][  0]LogTemp: Display: Module 'TVOSTargetPlatform' loaded TargetPlatform 'TVOSClient'
[2019.06.18-04.46.48:928][  0]LogTemp: Display: Module 'TVOSTargetPlatform' loaded TargetPlatform 'TVOS'
[2019.06.18-04.46.48:941][  0]LogTemp: Display: Module 'LinuxClientTargetPlatform' loaded TargetPlatform 'LinuxClient'
[2019.06.18-04.46.48:955][  0]LogTemp: Display: Module 'LinuxNoEditorTargetPlatform' loaded TargetPlatform 'LinuxNoEditor'
[2019.06.18-04.46.48:969][  0]LogTemp: Display: Module 'LinuxServerTargetPlatform' loaded TargetPlatform 'LinuxServer'
[2019.06.18-04.46.48:983][  0]LogTemp: Display: Module 'LinuxTargetPlatform' loaded TargetPlatform 'Linux'
[2019.06.18-04.46.49:036][  0]LogTemp: Display: Module 'LuminTargetPlatform' loaded TargetPlatform 'Lumin'
[2019.06.18-04.46.49:036][  0]LogTemp: Display: Module 'LuminTargetPlatform' loaded TargetPlatform 'LuminClient'
[2019.06.18-04.46.49:036][  0]LogTargetPlatformManager: Display: Building Assets For Windows
[2019.06.18-04.46.49:045][  0]LogAudioDebug: Display: Lib vorbis DLL was dynamically loaded.
[2019.06.18-04.46.49:115][  0]LogShaderCompilers: Guid format shader working directory is -34 characters bigger than the processId version (../../../../../../Users/Whitt/Documents/GitHub/AssetPipeline/EAE3010SRassign001/Intermediate/Shaders/WorkingDirectory/18460/).
[2019.06.18-04.46.49:115][  0]LogShaderCompilers: Cleaned the shader compiler working directory 'C:/Users/Whitt/AppData/Local/Temp/UnrealShaderWorkingDir/39CBB4944D5B62652316678970936158/'.
[2019.06.18-04.46.49:119][  0]LogXGEController: Cannot use XGE Controller as Incredibuild is not installed on this machine.
[2019.06.18-04.46.49:119][  0]LogShaderCompilers: Cannot use XGE Shader Compiler as Incredibuild is not installed on this machine.
[2019.06.18-04.46.49:119][  0]LogShaderCompilers: Display: Using Local Shader Compiler.
[2019.06.18-04.46.49:768][  0]LogDerivedDataCache: Display: Max Cache Size: 512 MB
[2019.06.18-04.46.49:840][  0]LogDerivedDataCache: Loaded boot cache 0.07s 71MB C:/Users/Whitt/AppData/Local/UnrealEngine/4.22/DerivedDataCache/Boot.ddc.
[2019.06.18-04.46.49:840][  0]LogDerivedDataCache: Display: Loaded Boot cache: C:/Users/Whitt/AppData/Local/UnrealEngine/4.22/DerivedDataCache/Boot.ddc
[2019.06.18-04.46.49:840][  0]LogDerivedDataCache: FDerivedDataBackendGraph:  Pak pak cache file ../../../../../../Users/Whitt/Documents/GitHub/AssetPipeline/EAE3010SRassign001/DerivedDataCache/DDC.ddp not found, will not use a pak cache.
[2019.06.18-04.46.49:840][  0]LogDerivedDataCache: Unable to find inner node Pak for hierarchical cache Hierarchy.
[2019.06.18-04.46.49:840][  0]LogDerivedDataCache: FDerivedDataBackendGraph:  CompressedPak pak cache file ../../../../../../Users/Whitt/Documents/GitHub/AssetPipeline/EAE3010SRassign001/DerivedDataCache/Compressed.ddp not found, will not use a pak cache.
[2019.06.18-04.46.49:840][  0]LogDerivedDataCache: Unable to find inner node CompressedPak for hierarchical cache Hierarchy.
[2019.06.18-04.46.49:854][  0]LogDerivedDataCache: Display: Pak cache opened for reading ../../../Engine/DerivedDataCache/Compressed.ddp.
[2019.06.18-04.46.49:854][  0]LogDerivedDataCache: FDerivedDataBackendGraph:  EnterprisePak pak cache file ../../../Enterprise/DerivedDataCache/Compressed.ddp not found, will not use a pak cache.
[2019.06.18-04.46.49:854][  0]LogDerivedDataCache: Unable to find inner node EnterprisePak for hierarchical cache Hierarchy.
[2019.06.18-04.46.49:866][  0]LogDerivedDataCache: Using Local data cache path C:/Users/Whitt/AppData/Local/UnrealEngine/Common/DerivedDataCache: Writable
[2019.06.18-04.46.49:866][  0]LogDerivedDataCache: Shared data cache path not found in *engine.ini, will not use an Shared cache.
[2019.06.18-04.46.49:866][  0]LogDerivedDataCache: Unable to find inner node Shared for hierarchical cache Hierarchy.
[2019.06.18-04.46.49:892][  0]LogMaterial: Verifying Global Shaders for PCD3D_SM5
[2019.06.18-04.46.49:893][  0]LogSlate: Using FreeType 2.6.0
[2019.06.18-04.46.49:894][  0]LogSlate: SlateFontServices - WITH_FREETYPE: 1, WITH_HARFBUZZ: 1
[2019.06.18-04.46.49:991][  0]LogAssetRegistry: FAssetRegistry took 0.0364 seconds to start up
[2019.06.18-04.46.50:410][  0]LogInit: Selected Device Profile: [Windows]
[2019.06.18-04.46.50:578][  0]LogMeshReduction: Using QuadricMeshReduction for automatic static mesh reduction
[2019.06.18-04.46.50:578][  0]LogMeshReduction: Using SimplygonMeshReduction for automatic skeletal mesh reduction
[2019.06.18-04.46.50:578][  0]LogMeshReduction: Using ProxyLODMeshReduction for automatic mesh merging
[2019.06.18-04.46.50:578][  0]LogMeshReduction: No distributed automatic mesh merging module available
[2019.06.18-04.46.50:578][  0]LogMeshMerging: No distributed automatic mesh merging module available
[2019.06.18-04.46.50:595][  0]LogNetVersion: EAE3010SRassign001 1.0.0, NetCL: 5660361, EngineNetVer: 10, GameNetVer: 0 (Checksum: 3488790043)
[2019.06.18-04.46.51:175][  0]LogPackageLocalizationCache: Processed 10 localized package path(s) for 1 prioritized culture(s) in 0.072119 seconds
[2019.06.18-04.46.51:182][  0]LogUObjectArray: 42205 objects as part of root set at end of initial load.
[2019.06.18-04.46.51:182][  0]LogUObjectAllocator: 7325032 out of 0 bytes used by permanent object pool.
[2019.06.18-04.46.51:182][  0]LogUObjectArray: CloseDisregardForGC: 0/0 objects in disregard for GC pool
[2019.06.18-04.46.52:237][  0]LogTcpMessaging: Initializing TcpMessaging bridge
[2019.06.18-04.46.52:253][  0]LogUdpMessaging: Initializing bridge on interface 0.0.0.0:0 to multicast group 230.0.0.1:6666.
[2019.06.18-04.46.52:376][  0]SourceControl: Source control is disabled
[2019.06.18-04.46.52:376][  0]SourceControl: Source control is disabled
[2019.06.18-04.46.52:378][  0]SourceControl: Source control is disabled
[2019.06.18-04.46.52:379][  0]SourceControl: Source control is disabled
[2019.06.18-04.46.52:474][  0]LogAndroidPermission: UAndroidPermissionCallbackProxy::GetInstance
[2019.06.18-04.46.52:594][  0]LogOcInput: OculusInput pre-init called
[2019.06.18-04.46.53:366][  0]LogEngine: Initializing Engine...
[2019.06.18-04.46.53:367][  0]LogHMD: Failed to initialize OpenVR with code 110
[2019.06.18-04.46.53:368][  0]LogStats: UGameplayTagsManager::InitializeManager -  0.000 s
[2019.06.18-04.46.53:656][  0]LogInit: Initializing FReadOnlyCVARCache
[2019.06.18-04.46.53:676][  0]LogAIModule: Creating AISystem for world Untitled
[2019.06.18-04.46.53:771][  0]LogInit: XAudio2 using 'Speakers (Realtek High Definition Audio)' : 2 channels at 48 kHz using 32 bits per sample (channel mask 0x3)
[2019.06.18-04.46.53:797][  0]LogInit: FAudioDevice initialized.
[2019.06.18-04.46.53:797][  0]LogNetVersion: Set ProjectVersion to 1.0.0.0. Version Checksum will be recalculated on next use.
[2019.06.18-04.46.53:899][  0]LogDerivedDataCache: Saved boot cache 0.10s 71MB C:/Users/Whitt/AppData/Local/UnrealEngine/4.22/DerivedDataCache/Boot.ddc.
[2019.06.18-04.46.53:905][  0]LogInit: Texture streaming: Enabled
[2019.06.18-04.46.53:929][  0]LogEngineSessionManager: EngineSessionManager initialized
[2019.06.18-04.46.53:957][  0]LogInit: Transaction tracking system initialized
[2019.06.18-04.46.53:990][  0]BlueprintLog: New page: Editor Load
[2019.06.18-04.46.54:112][  0]LocalizationService: Localization service is disabled
[2019.06.18-04.46.54:499][  0]LogFileCache: Scanning file cache for directory 'C:/Users/Whitt/Documents/GitHub/AssetPipeline/EAE3010SRassign001/Content/' took 0.01s
[2019.06.18-04.46.54:500][  0]LogCook: Display: Max memory allowance for cook 16384mb min free memory 0mb
[2019.06.18-04.46.54:500][  0]LogCook: Display: Mobile HDR setting 1
[2019.06.18-04.46.54:739][  0]SourceControl: Source control is disabled
[2019.06.18-04.46.54:739][  0]Cmd: MAP LOAD FILE="../../../Engine/Content/Maps/Templates/Template_Default.umap" TEMPLATE=1 SHOWPROGRESS=1 FEATURELEVEL=3
[2019.06.18-04.46.54:740][  0]LightingResults: New page: Lighting Build
[2019.06.18-04.46.54:743][  0]MapCheck: New page: Map Check
[2019.06.18-04.46.54:743][  0]LightingResults: New page: Lighting Build
[2019.06.18-04.46.54:770][  0]LogUObjectHash: Compacting FUObjectHashTables data took   1.53ms
[2019.06.18-04.46.54:861][  0]LogAIModule: Creating AISystem for world Untitled_1
[2019.06.18-04.46.54:870][  0]LogEditorServer: Finished looking for orphan Actors (0.000 secs)
[2019.06.18-04.46.54:896][  0]LogUObjectHash: Compacting FUObjectHashTables data took   1.89ms
[2019.06.18-04.46.54:896][  0]Cmd: MAP CHECKDEP NOCLEARLOG
[2019.06.18-04.46.54:896][  0]MapCheck: Map check complete: 0 Error(s), 0 Warning(s), took 0.147ms to complete.
[2019.06.18-04.46.54:896][  0]LogFileHelpers: Loading map 'Template_Default' took 0.157
[2019.06.18-04.46.55:057][  0]LogSlate: Updating window title bar state: overlay mode, drag disabled, window buttons hidden, title bar hidden
[2019.06.18-04.46.55:067][  0]LogSlate: Updating window title bar state: overlay mode, drag disabled, window buttons hidden, title bar hidden
[2019.06.18-04.46.55:080][  0]LogSlate: Updating window title bar state: overlay mode, drag disabled, window buttons hidden, title bar hidden
[2019.06.18-04.46.55:091][  0]LogSlate: Updating window title bar state: overlay mode, drag disabled, window buttons hidden, title bar hidden
[2019.06.18-04.46.55:099][  0]LogCollectionManager: Loaded 0 collections in 0.002614 seconds
[2019.06.18-04.46.55:118][  0]LogFileCache: Scanning file cache for directory 'C:/Users/Whitt/Documents/GitHub/AssetPipeline/EAE3010SRassign001/Saved/Collections/' took 0.01s
[2019.06.18-04.46.55:118][  0]LogFileCache: Scanning file cache for directory 'C:/Users/Whitt/Documents/GitHub/AssetPipeline/EAE3010SRassign001/Content/Developers/Whitt/Collections/' took 0.00s
[2019.06.18-04.46.55:118][  0]LogFileCache: Scanning file cache for directory 'C:/Users/Whitt/Documents/GitHub/AssetPipeline/EAE3010SRassign001/Content/Collections/' took 0.00s
[2019.06.18-04.46.55:118][  0]LogCollectionManager: Rebuilt the GUID cache for 0 collections in 0.000001 seconds
[2019.06.18-04.46.55:129][  0]LogContentBrowser: Native class hierarchy populated in 0.0109 seconds. Added 2732 classes and 659 folders.
[2019.06.18-04.46.55:138][  0]LogContentBrowser: Native class hierarchy updated for 'WidgetCarousel' in 0.0003 seconds. Added 0 classes and 0 folders.
[2019.06.18-04.46.55:139][  0]LogPakFile: Registered encryption key '00000000000000000000000000000000': 0 pak files mounted, 0 remain pending
[2019.06.18-04.46.55:140][  0]LogPakFile: Registered encryption key '00000000000000000000000000000000': 0 pak files mounted, 0 remain pending
[2019.06.18-04.46.55:142][  0]LogPakFile: Registered encryption key '00000000000000000000000000000000': 0 pak files mounted, 0 remain pending
[2019.06.18-04.46.55:143][  0]LogPakFile: Registered encryption key '00000000000000000000000000000000': 0 pak files mounted, 0 remain pending
[2019.06.18-04.46.55:144][  0]LogPakFile: Registered encryption key '00000000000000000000000000000000': 0 pak files mounted, 0 remain pending
[2019.06.18-04.46.55:144][  0]LogPakFile: Registered encryption key '00000000000000000000000000000000': 0 pak files mounted, 0 remain pending
[2019.06.18-04.46.55:144][  0]LogPakFile: Registered encryption key '00000000000000000000000000000000': 0 pak files mounted, 0 remain pending
[2019.06.18-04.46.55:145][  0]LogPakFile: Registered encryption key '00000000000000000000000000000000': 0 pak files mounted, 0 remain pending
[2019.06.18-04.46.55:145][  0]LogPakFile: Registered encryption key '00000000000000000000000000000000': 0 pak files mounted, 0 remain pending
[2019.06.18-04.46.55:146][  0]LogPakFile: Registered encryption key '00000000000000000000000000000000': 0 pak files mounted, 0 remain pending
[2019.06.18-04.46.55:147][  0]LogPakFile: Registered encryption key '00000000000000000000000000000000': 0 pak files mounted, 0 remain pending
[2019.06.18-04.46.55:148][  0]LogPakFile: Registered encryption key '00000000000000000000000000000000': 0 pak files mounted, 0 remain pending
[2019.06.18-04.46.55:148][  0]LogPakFile: Registered encryption key '00000000000000000000000000000000': 0 pak files mounted, 0 remain pending
[2019.06.18-04.46.55:149][  0]LogPakFile: Registered encryption key '00000000000000000000000000000000': 0 pak files mounted, 0 remain pending
[2019.06.18-04.46.55:149][  0]LogPakFile: Registered encryption key '00000000000000000000000000000000': 0 pak files mounted, 0 remain pending
[2019.06.18-04.46.55:150][  0]LogPakFile: Registered encryption key '00000000000000000000000000000000': 0 pak files mounted, 0 remain pending
[2019.06.18-04.46.55:150][  0]LogPakFile: Registered encryption key '00000000000000000000000000000000': 0 pak files mounted, 0 remain pending
[2019.06.18-04.46.55:151][  0]LogPakFile: Registered encryption key '00000000000000000000000000000000': 0 pak files mounted, 0 remain pending
[2019.06.18-04.46.55:151][  0]LogPakFile: Registered encryption key '00000000000000000000000000000000': 0 pak files mounted, 0 remain pending
[2019.06.18-04.46.55:152][  0]LogPakFile: Registered encryption key '00000000000000000000000000000000': 0 pak files mounted, 0 remain pending
[2019.06.18-04.46.55:152][  0]LogPakFile: Registered encryption key '00000000000000000000000000000000': 0 pak files mounted, 0 remain pending
[2019.06.18-04.46.55:153][  0]LogPakFile: Registered encryption key '00000000000000000000000000000000': 0 pak files mounted, 0 remain pending
[2019.06.18-04.46.55:153][  0]LogPakFile: Registered encryption key '00000000000000000000000000000000': 0 pak files mounted, 0 remain pending
[2019.06.18-04.46.55:154][  0]LogPakFile: Registered encryption key '00000000000000000000000000000000': 0 pak files mounted, 0 remain pending
[2019.06.18-04.46.55:156][  0]LogPakFile: Registered encryption key '00000000000000000000000000000000': 0 pak files mounted, 0 remain pending
[2019.06.18-04.46.55:157][  0]LogPakFile: Registered encryption key '00000000000000000000000000000000': 0 pak files mounted, 0 remain pending
[2019.06.18-04.46.55:208][  0]LogContentBrowser: Native class hierarchy updated for 'AddContentDialog' in 0.0004 seconds. Added 0 classes and 0 folders.
[2019.06.18-04.46.55:214][  0]LogContentBrowser: Native class hierarchy updated for 'SceneOutliner' in 0.0003 seconds. Added 1 classes and 2 folders.
[2019.06.18-04.46.55:232][  0]LogSlate: Took 0.000259 seconds to synchronously load lazily loaded font '../../../Engine/Content/Slate/Fonts/Roboto-Regular.ttf' (155K)
[2019.06.18-04.46.55:235][  0]LogSlate: Took 0.000550 seconds to synchronously load lazily loaded font '../../../Engine/Content/Slate/Fonts/Roboto-Bold.ttf' (160K)
[2019.06.18-04.46.55:247][  0]LogSlate: Took 0.000296 seconds to synchronously load lazily loaded font '../../../Engine/Content/Editor/Slate/Fonts/FontAwesome.ttf' (139K)
[2019.06.18-04.46.55:311][  0]LogRenderer: Reallocating scene render targets to support 1208x572 Format 10 NumSamples 1 (Frame:1).
[2019.06.18-04.46.55:508][  0]LogContentBrowser: Native class hierarchy updated for 'HierarchicalLODOutliner' in 0.0005 seconds. Added 0 classes and 0 folders.
[2019.06.18-04.46.55:508][  0]LogLoad: (Engine Initialization) Total time: 10.48 seconds
[2019.06.18-04.46.55:508][  0]LogLoad: (Engine Initialization) Total Blueprint compile time: 0.00 seconds
[2019.06.18-04.46.55:529][  0]LogWindowsTextInputMethodSystem: Display: IME system now deactivated.
[2019.06.18-04.46.55:564][  0]LogAssetRegistry: Asset discovery search completed in 5.5963 seconds
[2019.06.18-04.46.55:568][  0]LogCollectionManager: Rebuilt the object cache for 0 collections in 0.000000 seconds (found 0 objects)
[2019.06.18-04.46.55:568][  0]LogCollectionManager: Fixed up redirectors for 0 collections in 0.000063 seconds (updated 0 objects)
[2019.06.18-04.46.55:569][  0]LogContentStreaming: Texture pool size now 1000 MB
[2019.06.18-04.46.55:593][  0]LogSlate: Took 0.000189 seconds to synchronously load lazily loaded font '../../../Engine/Content/Slate/Fonts/Roboto-Light.ttf' (167K)
[2019.06.18-04.47.00:101][253]LogSlate: FSceneViewport::OnFocusLost() reason 0
[2019.06.18-04.47.00:256][262]LogSlate: Took 0.000219 seconds to synchronously load lazily loaded font '../../../Engine/Content/Slate/Fonts/Roboto-Light.ttf' (167K)
[2019.06.18-04.47.00:529][262]LogAIModule: Creating AISystem for world WhiteBlockStreet
[2019.06.18-04.47.00:625][262]LogAssetEditorManager: Opening Asset editor for World /Game/WhiteBlockStreet.WhiteBlockStreet
[2019.06.18-04.47.00:660][262]LogUObjectHash: Compacting FUObjectHashTables data took   1.42ms
[2019.06.18-04.47.00:662][262]Cmd: MAP LOAD FILE="../../../../../../Users/Whitt/Documents/GitHub/AssetPipeline/EAE3010SRassign001/Content/WhiteBlockStreet.umap" TEMPLATE=0 SHOWPROGRESS=1 FEATURELEVEL=3
[2019.06.18-04.47.00:662][262]LightingResults: New page: Lighting Build
[2019.06.18-04.47.00:663][262]LoadErrors: New page: Loading map: WhiteBlockStreet.umap
[2019.06.18-04.47.00:663][262]MapCheck: New page: Map Check
[2019.06.18-04.47.00:663][262]LightingResults: New page: Lighting Build
[2019.06.18-04.47.00:692][262]LogUObjectHash: Compacting FUObjectHashTables data took   3.38ms
[2019.06.18-04.47.00:708][262]LogEditorServer: Finished looking for orphan Actors (0.000 secs)
[2019.06.18-04.47.00:804][262]LogUObjectHash: Compacting FUObjectHashTables data took   1.58ms
[2019.06.18-04.47.00:828][262]Cmd: MAP CHECKDEP NOCLEARLOG
[2019.06.18-04.47.00:830][262]MapCheck: Map check complete: 0 Error(s), 0 Warning(s), took 1.291ms to complete.
[2019.06.18-04.47.00:830][262]LogFileHelpers: Loading map 'WhiteBlockStreet' took 0.169
[2019.06.18-04.47.16:570][190]LogSlate: FSceneViewport::OnFocusLost() reason 2
[2019.06.18-04.47.21:449][475]Cmd: DELETE
[2019.06.18-04.47.21:449][475]Cmd: ACTOR DELETE
[2019.06.18-04.47.21:474][475]LogEditorActor: Actor Light Source is referenced by Sky Sphere.
[2019.06.18-04.47.21:475][475]LogEditorActor: Actor Light Source is referenced by Sky Sphere2.
[2019.06.18-04.47.21:475][475]LogEditorActor: Actor Light Source is referenced by Sky Sphere3.
[2019.06.18-04.47.21:484][475]LogSlate: FSceneViewport::OnFocusLost() reason 2
[2019.06.18-04.47.24:026][475]LogSlate: Window 'Message' being destroyed
[2019.06.18-04.47.24:045][475]LogEditorActor: Deleted Actor: PlayerStart
[2019.06.18-04.47.24:052][475]LogEditorActor: Deleted Actor: AtmosphericFog
[2019.06.18-04.47.24:053][475]LogEditorActor: Deleted Actor: BP_Sky_Sphere_C
[2019.06.18-04.47.24:053][475]LogEditorActor: Deleted Actor: SkyLight
[2019.06.18-04.47.24:054][475]LogEditorActor: Deleted Actor: SphereReflectionCapture
[2019.06.18-04.47.24:056][475]LogEditorActor: Deleted Actor: BP_Sky_Sphere_C
[2019.06.18-04.47.24:058][475]LogEditorActor: Deleted Actor: BP_Sky_Sphere_C
[2019.06.18-04.47.24:068][475]LogEditorActor: Deleted Actor: Brush
[2019.06.18-04.47.24:068][475]LogEditorActor: Deleted Actor: Brush
[2019.06.18-04.47.24:068][475]LogEditorActor: Deleted Actor: Brush
[2019.06.18-04.47.24:068][475]LogEditorActor: Deleted Actor: Brush
[2019.06.18-04.47.24:068][475]LogEditorActor: Deleted Actor: Brush
[2019.06.18-04.47.24:068][475]LogEditorActor: Deleted Actor: Brush
[2019.06.18-04.47.24:068][475]LogEditorActor: Deleted Actor: Brush
[2019.06.18-04.47.24:070][475]LogEditorActor: Deleted Actor: Brush
[2019.06.18-04.47.24:070][475]LogEditorActor: Deleted Actor: Brush
[2019.06.18-04.47.24:070][475]LogEditorActor: Deleted Actor: Brush
[2019.06.18-04.47.24:070][475]LogEditorActor: Deleted Actor: Brush
[2019.06.18-04.47.24:070][475]LogEditorActor: Deleted Actor: Brush
[2019.06.18-04.47.24:070][475]LogEditorActor: Deleted Actor: Brush
[2019.06.18-04.47.24:070][475]LogEditorActor: Deleted Actor: Brush
[2019.06.18-04.47.24:070][475]LogEditorActor: Deleted Actor: Brush
[2019.06.18-04.47.24:071][475]LogEditorActor: Deleted Actor: Brush
[2019.06.18-04.47.24:071][475]LogEditorActor: Deleted Actor: Brush
[2019.06.18-04.47.24:071][475]LogEditorActor: Deleted Actor: Brush
[2019.06.18-04.47.24:072][475]LogEditorActor: Deleted Actor: Brush
[2019.06.18-04.47.24:073][475]LogEditorActor: Deleted Actor: Brush
[2019.06.18-04.47.24:073][475]LogEditorActor: Deleted Actor: Brush
[2019.06.18-04.47.24:075][475]LogEditorActor: Deleted Actor: Brush
[2019.06.18-04.47.24:078][475]LogEditorActor: Deleted Actor: Brush
[2019.06.18-04.47.24:078][475]LogEditorActor: Deleted Actor: Brush
[2019.06.18-04.47.24:079][475]LogEditorActor: Deleted Actor: Brush
[2019.06.18-04.47.24:080][475]LogEditorActor: Deleted Actor: Brush
[2019.06.18-04.47.24:081][475]LogEditorActor: Deleted Actor: Brush
[2019.06.18-04.47.24:082][475]LogEditorActor: Deleted Actor: Brush
[2019.06.18-04.47.24:082][475]LogEditorActor: Deleted Actor: Brush
[2019.06.18-04.47.24:083][475]LogEditorActor: Deleted Actor: Brush
[2019.06.18-04.47.24:083][475]LogEditorActor: Deleted Actor: Brush
[2019.06.18-04.47.24:083][475]LogEditorActor: Deleted Actor: Brush
[2019.06.18-04.47.24:084][475]LogEditorActor: Deleted Actor: Brush
[2019.06.18-04.47.24:084][475]LogEditorActor: Deleted Actor: Brush
[2019.06.18-04.47.24:085][475]LogEditorActor: Deleted Actor: Brush
[2019.06.18-04.47.24:085][475]LogEditorActor: Deleted Actor: Brush
[2019.06.18-04.47.24:085][475]LogEditorActor: Deleted Actor: Brush
[2019.06.18-04.47.24:085][475]LogEditorActor: Deleted Actor: Brush
[2019.06.18-04.47.24:086][475]LogEditorActor: Deleted Actor: Brush
[2019.06.18-04.47.24:087][475]LogEditorActor: Deleted Actor: Brush
[2019.06.18-04.47.24:087][475]LogEditorActor: Deleted Actor: Brush
[2019.06.18-04.47.24:088][475]LogEditorActor: Deleted Actor: Brush
[2019.06.18-04.47.24:088][475]LogEditorActor: Deleted Actor: Brush
[2019.06.18-04.47.24:088][475]LogEditorActor: Deleted Actor: Brush
[2019.06.18-04.47.24:088][475]LogEditorActor: Deleted Actor: Brush
[2019.06.18-04.47.24:089][475]LogEditorActor: Deleted Actor: Brush
[2019.06.18-04.47.24:089][475]LogEditorActor: Deleted Actor: Brush
[2019.06.18-04.47.24:089][475]LogEditorActor: Deleted Actor: Brush
[2019.06.18-04.47.24:089][475]LogEditorActor: Deleted Actor: Brush
[2019.06.18-04.47.24:116][475]LogUObjectHash: Compacting FUObjectHashTables data took   1.16ms
[2019.06.18-04.47.24:348][475]LogEditorActor: Deleted 56 Actors (2.899 secs)
[2019.06.18-04.47.26:382][586]Cmd: TRANSACTION UNDO
[2019.06.18-04.47.26:383][586]LogEditorTransaction: Undo Delete Actors
[2019.06.18-04.47.29:455][731]LogSlate: FSceneViewport::OnFocusLost() reason 0
[2019.06.18-04.47.32:837][731]LogPhysics: Warning: Found bad index buffer when cooking UModelComponent physics data! Component: /Game/WhiteBlockStreet.WhiteBlockStreet:PersistentLevel.ModelComponent_23284, Buffer: 188fb420, Buffer Size: 0, Element: 23
[2019.06.18-04.47.32:837][731]LogPhysics: Warning: Found bad index buffer when cooking UModelComponent physics data! Component: /Game/WhiteBlockStreet.WhiteBlockStreet:PersistentLevel.ModelComponent_23284, Buffer: 188fb420, Buffer Size: 0, Element: 24
[2019.06.18-04.47.32:837][731]LogPhysics: Warning: Found bad index buffer when cooking UModelComponent physics data! Component: /Game/WhiteBlockStreet.WhiteBlockStreet:PersistentLevel.ModelComponent_23284, Buffer: 188fb420, Buffer Size: 0, Element: 25
[2019.06.18-04.47.32:838][731]LogPhysics: Warning: Found bad index buffer when cooking UModelComponent physics data! Component: /Game/WhiteBlockStreet.WhiteBlockStreet:PersistentLevel.ModelComponent_23284, Buffer: 188fb420, Buffer Size: 0, Element: 26
[2019.06.18-04.47.32:838][731]LogPhysics: Warning: Found bad index buffer when cooking UModelComponent physics data! Component: /Game/WhiteBlockStreet.WhiteBlockStreet:PersistentLevel.ModelComponent_23284, Buffer: 188fb420, Buffer Size: 0, Element: 27
[2019.06.18-04.47.32:838][731]LogPhysics: Warning: Found bad index buffer when cooking UModelComponent physics data! Component: /Game/WhiteBlockStreet.WhiteBlockStreet:PersistentLevel.ModelComponent_23284, Buffer: 188fb420, Buffer Size: 0, Element: 28
[2019.06.18-04.47.32:838][731]LogPhysics: Warning: Found bad index buffer when cooking UModelComponent physics data! Component: /Game/WhiteBlockStreet.WhiteBlockStreet:PersistentLevel.ModelComponent_23284, Buffer: 188fb420, Buffer Size: 0, Element: 29
[2019.06.18-04.47.32:838][731]LogPhysics: Warning: Found bad index buffer when cooking UModelComponent physics data! Component: /Game/WhiteBlockStreet.WhiteBlockStreet:PersistentLevel.ModelComponent_23284, Buffer: 188fb420, Buffer Size: 0, Element: 30
[2019.06.18-04.47.32:838][731]LogPhysics: Warning: Found bad index buffer when cooking UModelComponent physics data! Component: /Game/WhiteBlockStreet.WhiteBlockStreet:PersistentLevel.ModelComponent_23284, Buffer: 188fb420, Buffer Size: 0, Element: 31
[2019.06.18-04.47.32:838][731]LogPhysics: Warning: Found bad index buffer when cooking UModelComponent physics data! Component: /Game/WhiteBlockStreet.WhiteBlockStreet:PersistentLevel.ModelComponent_23284, Buffer: 188fb420, Buffer Size: 0, Element: 32
[2019.06.18-04.47.32:838][731]LogPhysics: Warning: Found bad index buffer when cooking UModelComponent physics data! Component: /Game/WhiteBlockStreet.WhiteBlockStreet:PersistentLevel.ModelComponent_23284, Buffer: 188fb420, Buffer Size: 0, Element: 33
[2019.06.18-04.47.32:838][731]LogPhysics: Warning: Found bad index buffer when cooking UModelComponent physics data! Component: /Game/WhiteBlockStreet.WhiteBlockStreet:PersistentLevel.ModelComponent_23284, Buffer: 188fb420, Buffer Size: 0, Element: 34
[2019.06.18-04.47.32:838][731]LogPhysics: Warning: Found bad index buffer when cooking UModelComponent physics data! Component: /Game/WhiteBlockStreet.WhiteBlockStreet:PersistentLevel.ModelComponent_23284, Buffer: 188fb420, Buffer Size: 0, Element: 35
[2019.06.18-04.47.32:838][731]LogPhysics: Warning: Found bad index buffer when cooking UModelComponent physics data! Component: /Game/WhiteBlockStreet.WhiteBlockStreet:PersistentLevel.ModelComponent_23284, Buffer: 188fb420, Buffer Size: 0, Element: 36
[2019.06.18-04.47.32:838][731]LogPhysics: Warning: Found bad index buffer when cooking UModelComponent physics data! Component: /Game/WhiteBlockStreet.WhiteBlockStreet:PersistentLevel.ModelComponent_23284, Buffer: 188fb420, Buffer Size: 0, Element: 37
[2019.06.18-04.47.32:838][731]LogPhysics: Warning: Found bad index buffer when cooking UModelComponent physics data! Component: /Game/WhiteBlockStreet.WhiteBlockStreet:PersistentLevel.ModelComponent_23284, Buffer: 188fb420, Buffer Size: 0, Element: 38
[2019.06.18-04.47.32:838][731]LogPhysics: Warning: Found bad index buffer when cooking UModelComponent physics data! Component: /Game/WhiteBlockStreet.WhiteBlockStreet:PersistentLevel.ModelComponent_23284, Buffer: 188fb420, Buffer Size: 0, Element: 39
[2019.06.18-04.47.32:838][731]LogPhysics: Warning: Found bad index buffer when cooking UModelComponent physics data! Component: /Game/WhiteBlockStreet.WhiteBlockStreet:PersistentLevel.ModelComponent_23284, Buffer: 188fb420, Buffer Size: 0, Element: 40
[2019.06.18-04.47.32:838][731]LogPhysics: Warning: Found bad index buffer when cooking UModelComponent physics data! Component: /Game/WhiteBlockStreet.WhiteBlockStreet:PersistentLevel.ModelComponent_23284, Buffer: 188fb420, Buffer Size: 0, Element: 41
[2019.06.18-04.47.32:838][731]LogPhysics: Warning: Found bad index buffer when cooking UModelComponent physics data! Component: /Game/WhiteBlockStreet.WhiteBlockStreet:PersistentLevel.ModelComponent_23284, Buffer: 188fb420, Buffer Size: 0, Element: 42
[2019.06.18-04.47.32:838][731]LogPhysics: Warning: Found bad index buffer when cooking UModelComponent physics data! Component: /Game/WhiteBlockStreet.WhiteBlockStreet:PersistentLevel.ModelComponent_23284, Buffer: 188fb420, Buffer Size: 0, Element: 43
[2019.06.18-04.47.32:838][731]LogPhysics: Warning: Found bad index buffer when cooking UModelComponent physics data! Component: /Game/WhiteBlockStreet.WhiteBlockStreet:PersistentLevel.ModelComponent_23284, Buffer: 188fb420, Buffer Size: 0, Element: 44
[2019.06.18-04.47.32:838][731]LogPhysics: Warning: Found bad index buffer when cooking UModelComponent physics data! Component: /Game/WhiteBlockStreet.WhiteBlockStreet:PersistentLevel.ModelComponent_23284, Buffer: 188fb420, Buffer Size: 0, Element: 45
[2019.06.18-04.47.32:838][731]LogPhysics: Warning: Found bad index buffer when cooking UModelComponent physics data! Component: /Game/WhiteBlockStreet.WhiteBlockStreet:PersistentLevel.ModelComponent_23284, Buffer: 188fb420, Buffer Size: 0, Element: 46
[2019.06.18-04.47.32:838][731]LogPhysics: Warning: Found bad index buffer when cooking UModelComponent physics data! Component: /Game/WhiteBlockStreet.WhiteBlockStreet:PersistentLevel.ModelComponent_23284, Buffer: 188fb420, Buffer Size: 0, Element: 47
[2019.06.18-04.47.32:838][731]LogPhysics: Warning: Found bad index buffer when cooking UModelComponent physics data! Component: /Game/WhiteBlockStreet.WhiteBlockStreet:PersistentLevel.ModelComponent_23284, Buffer: 188fb420, Buffer Size: 0, Element: 48
[2019.06.18-04.47.32:838][731]LogPhysics: Warning: Found bad index buffer when cooking UModelComponent physics data! Component: /Game/WhiteBlockStreet.WhiteBlockStreet:PersistentLevel.ModelComponent_23284, Buffer: 188fb420, Buffer Size: 0, Element: 49
[2019.06.18-04.47.32:838][731]LogPhysics: Warning: Found bad index buffer when cooking UModelComponent physics data! Component: /Game/WhiteBlockStreet.WhiteBlockStreet:PersistentLevel.ModelComponent_23284, Buffer: 188fb420, Buffer Size: 0, Element: 50
[2019.06.18-04.47.32:838][731]LogPhysics: Warning: Found bad index buffer when cooking UModelComponent physics data! Component: /Game/WhiteBlockStreet.WhiteBlockStreet:PersistentLevel.ModelComponent_23284, Buffer: 188fb420, Buffer Size: 0, Element: 51
[2019.06.18-04.47.32:838][731]LogPhysics: Warning: Found bad index buffer when cooking UModelComponent physics data! Component: /Game/WhiteBlockStreet.WhiteBlockStreet:PersistentLevel.ModelComponent_23284, Buffer: 188fb420, Buffer Size: 0, Element: 52
[2019.06.18-04.47.32:838][731]LogPhysics: Warning: Found bad index buffer when cooking UModelComponent physics data! Component: /Game/WhiteBlockStreet.WhiteBlockStreet:PersistentLevel.ModelComponent_23284, Buffer: 188fb420, Buffer Size: 0, Element: 53
[2019.06.18-04.47.32:838][731]LogPhysics: Warning: Found bad index buffer when cooking UModelComponent physics data! Component: /Game/WhiteBlockStreet.WhiteBlockStreet:PersistentLevel.ModelComponent_23284, Buffer: 188fb420, Buffer Size: 0, Element: 54
[2019.06.18-04.47.32:838][731]LogPhysics: Warning: Found bad index buffer when cooking UModelComponent physics data! Component: /Game/WhiteBlockStreet.WhiteBlockStreet:PersistentLevel.ModelComponent_23284, Buffer: 188fb420, Buffer Size: 0, Element: 55
[2019.06.18-04.47.32:838][731]LogPhysics: Warning: Found bad index buffer when cooking UModelComponent physics data! Component: /Game/WhiteBlockStreet.WhiteBlockStreet:PersistentLevel.ModelComponent_23284, Buffer: 188fb420, Buffer Size: 0, Element: 56
[2019.06.18-04.47.32:838][731]LogPhysics: Warning: Found bad index buffer when cooking UModelComponent physics data! Component: /Game/WhiteBlockStreet.WhiteBlockStreet:PersistentLevel.ModelComponent_23284, Buffer: 188fb420, Buffer Size: 0, Element: 57
[2019.06.18-04.47.32:838][731]LogPhysics: Warning: Found bad index buffer when cooking UModelComponent physics data! Component: /Game/WhiteBlockStreet.WhiteBlockStreet:PersistentLevel.ModelComponent_23284, Buffer: 188fb420, Buffer Size: 0, Element: 58
[2019.06.18-04.47.32:838][731]LogPhysics: Warning: Found bad index buffer when cooking UModelComponent physics data! Component: /Game/WhiteBlockStreet.WhiteBlockStreet:PersistentLevel.ModelComponent_23284, Buffer: 188fb420, Buffer Size: 0, Element: 59
[2019.06.18-04.47.32:838][731]LogPhysics: Warning: Found bad index buffer when cooking UModelComponent physics data! Component: /Game/WhiteBlockStreet.WhiteBlockStreet:PersistentLevel.ModelComponent_23284, Buffer: 188fb420, Buffer Size: 0, Element: 60
[2019.06.18-04.47.32:839][731]LogPhysics: Warning: Found bad index buffer when cooking UModelComponent physics data! Component: /Game/WhiteBlockStreet.WhiteBlockStreet:PersistentLevel.ModelComponent_23284, Buffer: 188fb420, Buffer Size: 0, Element: 61
[2019.06.18-04.47.32:839][731]LogPhysics: Warning: Found bad index buffer when cooking UModelComponent physics data! Component: /Game/WhiteBlockStreet.WhiteBlockStreet:PersistentLevel.ModelComponent_23284, Buffer: 188fb420, Buffer Size: 0, Element: 62
[2019.06.18-04.47.32:839][731]LogPhysics: Warning: Found bad index buffer when cooking UModelComponent physics data! Component: /Game/WhiteBlockStreet.WhiteBlockStreet:PersistentLevel.ModelComponent_23284, Buffer: 188fb420, Buffer Size: 0, Element: 63
[2019.06.18-04.47.32:839][731]LogPhysics: Warning: Found bad index buffer when cooking UModelComponent physics data! Component: /Game/WhiteBlockStreet.WhiteBlockStreet:PersistentLevel.ModelComponent_23284, Buffer: 188fb420, Buffer Size: 0, Element: 64
[2019.06.18-04.47.32:839][731]LogPhysics: Warning: Found bad index buffer when cooking UModelComponent physics data! Component: /Game/WhiteBlockStreet.WhiteBlockStreet:PersistentLevel.ModelComponent_23284, Buffer: 188fb420, Buffer Size: 0, Element: 65
[2019.06.18-04.47.32:839][731]LogPhysics: Warning: Found bad index buffer when cooking UModelComponent physics data! Component: /Game/WhiteBlockStreet.WhiteBlockStreet:PersistentLevel.ModelComponent_23284, Buffer: 188fb420, Buffer Size: 0, Element: 66
[2019.06.18-04.47.32:839][731]LogPhysics: Warning: Found bad index buffer when cooking UModelComponent physics data! Component: /Game/WhiteBlockStreet.WhiteBlockStreet:PersistentLevel.ModelComponent_23284, Buffer: 188fb420, Buffer Size: 0, Element: 67
[2019.06.18-04.47.32:839][731]LogPhysics: Warning: Found bad index buffer when cooking UModelComponent physics data! Component: /Game/WhiteBlockStreet.WhiteBlockStreet:PersistentLevel.ModelComponent_23284, Buffer: 188fb420, Buffer Size: 0, Element: 68
[2019.06.18-04.47.32:839][731]LogPhysics: Warning: Found bad index buffer when cooking UModelComponent physics data! Component: /Game/WhiteBlockStreet.WhiteBlockStreet:PersistentLevel.ModelComponent_23284, Buffer: 188fb420, Buffer Size: 0, Element: 69
[2019.06.18-04.47.32:839][731]LogPhysics: Warning: Found bad index buffer when cooking UModelComponent physics data! Component: /Game/WhiteBlockStreet.WhiteBlockStreet:PersistentLevel.ModelComponent_23284, Buffer: 188fb420, Buffer Size: 0, Element: 70
[2019.06.18-04.47.32:839][731]LogPhysics: Warning: Found bad index buffer when cooking UModelComponent physics data! Component: /Game/WhiteBlockStreet.WhiteBlockStreet:PersistentLevel.ModelComponent_23284, Buffer: 188fb420, Buffer Size: 0, Element: 71
[2019.06.18-04.47.32:839][731]LogPhysics: Warning: Found bad index buffer when cooking UModelComponent physics data! Component: /Game/WhiteBlockStreet.WhiteBlockStreet:PersistentLevel.ModelComponent_23284, Buffer: 188fb420, Buffer Size: 0, Element: 72
[2019.06.18-04.47.32:839][731]LogPhysics: Warning: Found bad index buffer when cooking UModelComponent physics data! Component: /Game/WhiteBlockStreet.WhiteBlockStreet:PersistentLevel.ModelComponent_23284, Buffer: 188fb420, Buffer Size: 0, Element: 73
[2019.06.18-04.47.32:839][731]LogPhysics: Warning: Found bad index buffer when cooking UModelComponent physics data! Component: /Game/WhiteBlockStreet.WhiteBlockStreet:PersistentLevel.ModelComponent_23284, Buffer: 188fb420, Buffer Size: 0, Element: 74
[2019.06.18-04.47.32:839][731]LogPhysics: Warning: Found bad index buffer when cooking UModelComponent physics data! Component: /Game/WhiteBlockStreet.WhiteBlockStreet:PersistentLevel.ModelComponent_23284, Buffer: 188fb420, Buffer Size: 0, Element: 75
[2019.06.18-04.47.32:839][731]LogPhysics: Warning: Found bad index buffer when cooking UModelComponent physics data! Component: /Game/WhiteBlockStreet.WhiteBlockStreet:PersistentLevel.ModelComponent_23284, Buffer: 188fb420, Buffer Size: 0, Element: 76
[2019.06.18-04.47.32:844][731]LogPhysics: Warning: Found bad index buffer when cooking UModelComponent physics data! Component: /Game/WhiteBlockStreet.WhiteBlockStreet:PersistentLevel.ModelComponent_23290, Buffer: 188fb420, Buffer Size: 0, Element: 4
[2019.06.18-04.47.32:844][731]LogPhysics: Warning: Found bad index buffer when cooking UModelComponent physics data! Component: /Game/WhiteBlockStreet.WhiteBlockStreet:PersistentLevel.ModelComponent_23290, Buffer: 188fb420, Buffer Size: 0, Element: 5
[2019.06.18-04.47.32:845][731]LogPhysics: Warning: Found bad index buffer when cooking UModelComponent physics data! Component: /Game/WhiteBlockStreet.WhiteBlockStreet:PersistentLevel.ModelComponent_23290, Buffer: 188fb420, Buffer Size: 0, Element: 6
[2019.06.18-04.47.32:845][731]LogPhysics: Warning: Found bad index buffer when cooking UModelComponent physics data! Component: /Game/WhiteBlockStreet.WhiteBlockStreet:PersistentLevel.ModelComponent_23290, Buffer: 188fb420, Buffer Size: 0, Element: 7
[2019.06.18-04.47.32:845][731]LogPhysics: Warning: Found bad index buffer when cooking UModelComponent physics data! Component: /Game/WhiteBlockStreet.WhiteBlockStreet:PersistentLevel.ModelComponent_23290, Buffer: 188fb420, Buffer Size: 0, Element: 8
[2019.06.18-04.47.32:845][731]LogPhysics: Warning: Found bad index buffer when cooking UModelComponent physics data! Component: /Game/WhiteBlockStreet.WhiteBlockStreet:PersistentLevel.ModelComponent_23290, Buffer: 188fb420, Buffer Size: 0, Element: 9
[2019.06.18-04.47.32:845][731]LogPhysics: Warning: Found bad index buffer when cooking UModelComponent physics data! Component: /Game/WhiteBlockStreet.WhiteBlockStreet:PersistentLevel.ModelComponent_23290, Buffer: 188fb420, Buffer Size: 0, Element: 10
[2019.06.18-04.47.32:845][731]LogPhysics: Warning: Found bad index buffer when cooking UModelComponent physics data! Component: /Game/WhiteBlockStreet.WhiteBlockStreet:PersistentLevel.ModelComponent_23290, Buffer: 188fb420, Buffer Size: 0, Element: 11
[2019.06.18-04.47.32:845][731]LogPhysics: Warning: Found bad index buffer when cooking UModelComponent physics data! Component: /Game/WhiteBlockStreet.WhiteBlockStreet:PersistentLevel.ModelComponent_23290, Buffer: 188fb420, Buffer Size: 0, Element: 12
[2019.06.18-04.47.32:845][731]LogPhysics: Warning: Found bad index buffer when cooking UModelComponent physics data! Component: /Game/WhiteBlockStreet.WhiteBlockStreet:PersistentLevel.ModelComponent_23290, Buffer: 188fb420, Buffer Size: 0, Element: 13
[2019.06.18-04.47.32:845][731]LogPhysics: Warning: Found bad index buffer when cooking UModelComponent physics data! Component: /Game/WhiteBlockStreet.WhiteBlockStreet:PersistentLevel.ModelComponent_23290, Buffer: 188fb420, Buffer Size: 0, Element: 14
[2019.06.18-04.47.32:845][731]LogPhysics: Warning: Found bad index buffer when cooking UModelComponent physics data! Component: /Game/WhiteBlockStreet.WhiteBlockStreet:PersistentLevel.ModelComponent_23290, Buffer: 188fb420, Buffer Size: 0, Element: 15
[2019.06.18-04.47.32:845][731]LogPhysics: Warning: Found bad index buffer when cooking UModelComponent physics data! Component: /Game/WhiteBlockStreet.WhiteBlockStreet:PersistentLevel.ModelComponent_23290, Buffer: 188fb420, Buffer Size: 0, Element: 16
[2019.06.18-04.47.32:845][731]LogPhysics: Warning: Found bad index buffer when cooking UModelComponent physics data! Component: /Game/WhiteBlockStreet.WhiteBlockStreet:PersistentLevel.ModelComponent_23290, Buffer: 188fb420, Buffer Size: 0, Element: 17
[2019.06.18-04.47.32:845][731]LogPhysics: Warning: Found bad index buffer when cooking UModelComponent physics data! Component: /Game/WhiteBlockStreet.WhiteBlockStreet:PersistentLevel.ModelComponent_23290, Buffer: 188fb420, Buffer Size: 0, Element: 18
[2019.06.18-04.47.32:849][731]LogPhysics: Warning: Found bad index buffer when cooking UModelComponent physics data! Component: /Game/WhiteBlockStreet.WhiteBlockStreet:PersistentLevel.ModelComponent_23294, Buffer: 188fb420, Buffer Size: 0, Element: 7
[2019.06.18-04.47.32:849][731]LogPhysics: Warning: Found bad index buffer when cooking UModelComponent physics data! Component: /Game/WhiteBlockStreet.WhiteBlockStreet:PersistentLevel.ModelComponent_23294, Buffer: 188fb420, Buffer Size: 0, Element: 8
[2019.06.18-04.47.32:849][731]LogPhysics: Warning: Found bad index buffer when cooking UModelComponent physics data! Component: /Game/WhiteBlockStreet.WhiteBlockStreet:PersistentLevel.ModelComponent_23294, Buffer: 188fb420, Buffer Size: 0, Element: 9
[2019.06.18-04.47.32:849][731]LogPhysics: Warning: Found bad index buffer when cooking UModelComponent physics data! Component: /Game/WhiteBlockStreet.WhiteBlockStreet:PersistentLevel.ModelComponent_23294, Buffer: 188fb420, Buffer Size: 0, Element: 10
[2019.06.18-04.47.32:849][731]LogPhysics: Warning: Found bad index buffer when cooking UModelComponent physics data! Component: /Game/WhiteBlockStreet.WhiteBlockStreet:PersistentLevel.ModelComponent_23294, Buffer: 188fb420, Buffer Size: 0, Element: 11
[2019.06.18-04.47.32:852][731]LogPhysics: Warning: Found bad index buffer when cooking UModelComponent physics data! Component: /Game/WhiteBlockStreet.WhiteBlockStreet:PersistentLevel.ModelComponent_23298, Buffer: 188fb420, Buffer Size: 0, Element: 29
[2019.06.18-04.47.32:852][731]LogPhysics: Warning: Found bad index buffer when cooking UModelComponent physics data! Component: /Game/WhiteBlockStreet.WhiteBlockStreet:PersistentLevel.ModelComponent_23298, Buffer: 188fb420, Buffer Size: 0, Element: 30
[2019.06.18-04.47.32:852][731]LogPhysics: Warning: Found bad index buffer when cooking UModelComponent physics data! Component: /Game/WhiteBlockStreet.WhiteBlockStreet:PersistentLevel.ModelComponent_23298, Buffer: 188fb420, Buffer Size: 0, Element: 31
[2019.06.18-04.47.32:852][731]LogPhysics: Warning: Found bad index buffer when cooking UModelComponent physics data! Component: /Game/WhiteBlockStreet.WhiteBlockStreet:PersistentLevel.ModelComponent_23298, Buffer: 188fb420, Buffer Size: 0, Element: 32
[2019.06.18-04.47.32:852][731]LogPhysics: Warning: Found bad index buffer when cooking UModelComponent physics data! Component: /Game/WhiteBlockStreet.WhiteBlockStreet:PersistentLevel.ModelComponent_23298, Buffer: 188fb420, Buffer Size: 0, Element: 33
[2019.06.18-04.47.32:855][731]LogPhysics: Warning: Found bad index buffer when cooking UModelComponent physics data! Component: /Game/WhiteBlockStreet.WhiteBlockStreet:PersistentLevel.ModelComponent_23302, Buffer: 188fb420, Buffer Size: 0, Element: 25
[2019.06.18-04.47.32:855][731]LogPhysics: Warning: Found bad index buffer when cooking UModelComponent physics data! Component: /Game/WhiteBlockStreet.WhiteBlockStreet:PersistentLevel.ModelComponent_23302, Buffer: 188fb420, Buffer Size: 0, Element: 26
[2019.06.18-04.47.32:855][731]LogPhysics: Warning: Found bad index buffer when cooking UModelComponent physics data! Component: /Game/WhiteBlockStreet.WhiteBlockStreet:PersistentLevel.ModelComponent_23302, Buffer: 188fb420, Buffer Size: 0, Element: 27
[2019.06.18-04.47.32:855][731]LogPhysics: Warning: Found bad index buffer when cooking UModelComponent physics data! Component: /Game/WhiteBlockStreet.WhiteBlockStreet:PersistentLevel.ModelComponent_23302, Buffer: 188fb420, Buffer Size: 0, Element: 28
[2019.06.18-04.47.32:855][731]LogPhysics: Warning: Found bad index buffer when cooking UModelComponent physics data! Component: /Game/WhiteBlockStreet.WhiteBlockStreet:PersistentLevel.ModelComponent_23302, Buffer: 188fb420, Buffer Size: 0, Element: 29
[2019.06.18-04.47.32:855][731]LogPhysics: Warning: Found bad index buffer when cooking UModelComponent physics data! Component: /Game/WhiteBlockStreet.WhiteBlockStreet:PersistentLevel.ModelComponent_23302, Buffer: 188fb420, Buffer Size: 0, Element: 30
[2019.06.18-04.47.32:855][731]LogPhysics: Warning: Found bad index buffer when cooking UModelComponent physics data! Component: /Game/WhiteBlockStreet.WhiteBlockStreet:PersistentLevel.ModelComponent_23302, Buffer: 188fb420, Buffer Size: 0, Element: 31
[2019.06.18-04.47.32:855][731]LogPhysics: Warning: Found bad index buffer when cooking UModelComponent physics data! Component: /Game/WhiteBlockStreet.WhiteBlockStreet:PersistentLevel.ModelComponent_23302, Buffer: 188fb420, Buffer Size: 0, Element: 32
[2019.06.18-04.47.32:855][731]LogPhysics: Warning: Found bad index buffer when cooking UModelComponent physics data! Component: /Game/WhiteBlockStreet.WhiteBlockStreet:PersistentLevel.ModelComponent_23302, Buffer: 188fb420, Buffer Size: 0, Element: 33
[2019.06.18-04.47.32:855][731]LogPhysics: Warning: Found bad index buffer when cooking UModelComponent physics data! Component: /Game/WhiteBlockStreet.WhiteBlockStreet:PersistentLevel.ModelComponent_23302, Buffer: 188fb420, Buffer Size: 0, Element: 34
[2019.06.18-04.47.32:855][731]LogPhysics: Warning: Found bad index buffer when cooking UModelComponent physics data! Component: /Game/WhiteBlockStreet.WhiteBlockStreet:PersistentLevel.ModelComponent_23302, Buffer: 188fb420, Buffer Size: 0, Element: 35
[2019.06.18-04.47.32:855][731]LogPhysics: Warning: Found bad index buffer when cooking UModelComponent physics data! Component: /Game/WhiteBlockStreet.WhiteBlockStreet:PersistentLevel.ModelComponent_23302, Buffer: 188fb420, Buffer Size: 0, Element: 36
[2019.06.18-04.47.32:855][731]LogPhysics: Warning: Found bad index buffer when cooking UModelComponent physics data! Component: /Game/WhiteBlockStreet.WhiteBlockStreet:PersistentLevel.ModelComponent_23302, Buffer: 188fb420, Buffer Size: 0, Element: 37
[2019.06.18-04.47.32:860][731]LogPhysics: Warning: Found bad index buffer when cooking UModelComponent physics data! Component: /Game/WhiteBlockStreet.WhiteBlockStreet:PersistentLevel.ModelComponent_23309, Buffer: 188fb420, Buffer Size: 0, Element: 1
[2019.06.18-04.47.32:861][731]LogPhysics: Warning: Found bad index buffer when cooking UModelComponent physics data! Component: /Game/WhiteBlockStreet.WhiteBlockStreet:PersistentLevel.ModelComponent_23310, Buffer: 188fb420, Buffer Size: 0, Element: 6
[2019.06.18-04.47.32:861][731]LogPhysics: Warning: Found bad index buffer when cooking UModelComponent physics data! Component: /Game/WhiteBlockStreet.WhiteBlockStreet:PersistentLevel.ModelComponent_23310, Buffer: 188fb420, Buffer Size: 0, Element: 12
[2019.06.18-04.47.34:847][732]LogEditorViewport: Clicking Background
[2019.06.18-04.47.35:932][791]LogSlate: FSceneViewport::OnFocusLost() reason 0
[2019.06.18-04.47.44:904][323]Cmd: DELETE
[2019.06.18-04.47.44:904][323]Cmd: ACTOR DELETE
[2019.06.18-04.47.44:934][323]LogEditorActor: Deleted Actor: AtmosphericFog
[2019.06.18-04.47.44:937][323]LogEditorActor: Deleted Actor: Brush
[2019.06.18-04.47.44:937][323]LogEditorActor: Deleted Actor: Brush
[2019.06.18-04.47.44:937][323]LogEditorActor: Deleted Actor: Brush
[2019.06.18-04.47.44:938][323]LogEditorActor: Deleted Actor: Brush
[2019.06.18-04.47.44:938][323]LogEditorActor: Deleted Actor: Brush
[2019.06.18-04.47.44:938][323]LogEditorActor: Deleted Actor: Brush
[2019.06.18-04.47.44:938][323]LogEditorActor: Deleted Actor: Brush
[2019.06.18-04.47.44:939][323]LogEditorActor: Deleted Actor: Brush
[2019.06.18-04.47.44:939][323]LogEditorActor: Deleted Actor: Brush
[2019.06.18-04.47.44:939][323]LogEditorActor: Deleted Actor: Brush
[2019.06.18-04.47.44:939][323]LogEditorActor: Deleted Actor: Brush
[2019.06.18-04.47.44:939][323]LogEditorActor: Deleted Actor: Brush
[2019.06.18-04.47.44:940][323]LogEditorActor: Deleted Actor: Brush
[2019.06.18-04.47.44:940][323]LogEditorActor: Deleted Actor: Brush
[2019.06.18-04.47.44:940][323]LogEditorActor: Deleted Actor: Brush
[2019.06.18-04.47.44:940][323]LogEditorActor: Deleted Actor: Brush
[2019.06.18-04.47.44:941][323]LogEditorActor: Deleted Actor: Brush
[2019.06.18-04.47.44:941][323]LogEditorActor: Deleted Actor: Brush
[2019.06.18-04.47.44:941][323]LogEditorActor: Deleted Actor: Brush
[2019.06.18-04.47.44:941][323]LogEditorActor: Deleted Actor: Brush
[2019.06.18-04.47.44:941][323]LogEditorActor: Deleted Actor: Brush
[2019.06.18-04.47.44:941][323]LogEditorActor: Deleted Actor: Brush
[2019.06.18-04.47.44:942][323]LogEditorActor: Deleted Actor: Brush
[2019.06.18-04.47.44:942][323]LogEditorActor: Deleted Actor: Brush
[2019.06.18-04.47.44:942][323]LogEditorActor: Deleted Actor: Brush
[2019.06.18-04.47.44:943][323]LogEditorActor: Deleted Actor: Brush
[2019.06.18-04.47.44:943][323]LogEditorActor: Deleted Actor: Brush
[2019.06.18-04.47.44:943][323]LogEditorActor: Deleted Actor: Brush
[2019.06.18-04.47.44:943][323]LogEditorActor: Deleted Actor: Brush
[2019.06.18-04.47.44:944][323]LogEditorActor: Deleted Actor: Brush
[2019.06.18-04.47.44:944][323]LogEditorActor: Deleted Actor: Brush
[2019.06.18-04.47.44:944][323]LogEditorActor: Deleted Actor: Brush
[2019.06.18-04.47.44:944][323]LogEditorActor: Deleted Actor: Brush
[2019.06.18-04.47.44:945][323]LogEditorActor: Deleted Actor: Brush
[2019.06.18-04.47.44:945][323]LogEditorActor: Deleted Actor: Brush
[2019.06.18-04.47.44:946][323]LogEditorActor: Deleted Actor: Brush
[2019.06.18-04.47.44:946][323]LogEditorActor: Deleted Actor: Brush
[2019.06.18-04.47.44:946][323]LogEditorActor: Deleted Actor: Brush
[2019.06.18-04.47.44:946][323]LogEditorActor: Deleted Actor: Brush
[2019.06.18-04.47.44:946][323]LogEditorActor: Deleted Actor: Brush
[2019.06.18-04.47.44:947][323]LogEditorActor: Deleted Actor: Brush
[2019.06.18-04.47.44:947][323]LogEditorActor: Deleted Actor: Brush
[2019.06.18-04.47.44:947][323]LogEditorActor: Deleted Actor: Brush
[2019.06.18-04.47.44:947][323]LogEditorActor: Deleted Actor: Brush
[2019.06.18-04.47.44:948][323]LogEditorActor: Deleted Actor: Brush
[2019.06.18-04.47.44:948][323]LogEditorActor: Deleted Actor: Brush
[2019.06.18-04.47.44:948][323]LogEditorActor: Deleted Actor: Brush
[2019.06.18-04.47.44:948][323]LogEditorActor: Deleted Actor: Brush
[2019.06.18-04.47.44:948][323]LogEditorActor: Deleted Actor: Brush
[2019.06.18-04.47.44:979][323]LogUObjectHash: Compacting FUObjectHashTables data took   1.64ms
[2019.06.18-04.47.45:160][323]LogEditorActor: Deleted 50 Actors (0.255 secs)
[2019.06.18-04.47.46:446][392]LogEditorViewport: Clicking on Actor (LMB): Brush (Box Brush332)
[2019.06.18-04.47.47:049][424]LogEditorViewport: Clicking Background
[2019.06.18-04.47.48:055][483]LogSlate: FSceneViewport::OnFocusLost() reason 2
[2019.06.18-04.48.25:699][521]Cmd: DELETE
[2019.06.18-04.48.25:699][521]Cmd: ACTOR DELETE
[2019.06.18-04.48.25:718][521]LogEditorActor: Deleted Actor: Brush
[2019.06.18-04.48.25:746][521]LogUObjectHash: Compacting FUObjectHashTables data took   1.08ms
[2019.06.18-04.48.25:928][521]LogEditorActor: Deleted 1 Actors (0.228 secs)
[2019.06.18-04.48.26:623][552]Cmd: DELETE
[2019.06.18-04.48.26:623][552]Cmd: ACTOR DELETE
[2019.06.18-04.48.26:642][552]LogEditorActor: Deleted Actor: Brush
[2019.06.18-04.48.26:672][552]LogUObjectHash: Compacting FUObjectHashTables data took   1.84ms
[2019.06.18-04.48.26:847][552]LogEditorActor: Deleted 1 Actors (0.225 secs)
[2019.06.18-04.48.27:730][593]Cmd: DELETE
[2019.06.18-04.48.27:730][593]Cmd: ACTOR DELETE
[2019.06.18-04.48.27:751][593]LogEditorActor: Deleted Actor: Brush
[2019.06.18-04.48.27:780][593]LogUObjectHash: Compacting FUObjectHashTables data took   1.93ms
[2019.06.18-04.48.27:964][593]LogEditorActor: Deleted 1 Actors (0.233 secs)
[2019.06.18-04.48.29:056][648]Cmd: DELETE
[2019.06.18-04.48.29:056][648]Cmd: ACTOR DELETE
[2019.06.18-04.48.29:080][648]LogEditorActor: Deleted Actor: Brush
[2019.06.18-04.48.29:107][648]LogUObjectHash: Compacting FUObjectHashTables data took   1.40ms
[2019.06.18-04.48.29:280][648]LogEditorActor: Deleted 1 Actors (0.223 secs)
[2019.06.18-04.48.50:493][907]LogSlate: FSceneViewport::OnFocusLost() reason 2
[2019.06.18-04.48.56:270][249]LogSlate: FSceneViewport::OnFocusLost() reason 0
[2019.06.18-04.49.01:233][545]Cmd: MODE GRID=0
[2019.06.18-04.49.01:927][586]Cmd: MODE GRID=1
[2019.06.18-04.49.02:430][616]Cmd: MODE GRID=0
[2019.06.18-04.49.03:184][661]Cmd: MODE GRID=1
[2019.06.18-04.49.11:562][152]LogEditorViewport: Clicking Background
[2019.06.18-04.51.23:335][272]LogEditorViewport: Clicking Background
[2019.06.18-04.51.24:093][314]LogEditorViewport: Clicking Background
[2019.06.18-04.57.00:606][471]LogUObjectHash: Compacting FUObjectHashTables data took   2.19ms
[2019.06.18-04.57.01:771][471]LogSavePackage: Moving '../../../../../../Users/Whitt/Documents/GitHub/AssetPipeline/EAE3010SRassign001/Saved/WhiteBlockStreet_Auto17E486BDB47F80088B6238EAA633D1D76.tmp' to '../../../../../../Users/Whitt/Documents/GitHub/AssetPipeline/EAE3010SRassign001/Saved/Autosaves/Game/WhiteBlockStreet_Auto1.umap'
[2019.06.18-04.57.01:781][471]LogFileHelpers: Editor autosave (incl. sublevels) for '/Game/WhiteBlockStreet' took 1.209
[2019.06.18-04.57.01:781][471]LogFileHelpers: Editor autosave (incl. sublevels) for all levels took 1.209
[2019.06.18-05.30.38:302][503]LogSlate: FSceneViewport::OnFocusLost() reason 2
[2019.06.18-05.30.39:465][546]LogSlate: FSceneViewport::OnFocusLost() reason 2
[2019.06.18-05.30.39:516][548]LogSlate: FSceneViewport::OnFocusLost() reason 2
[2019.06.18-05.30.39:560][550]LogSlate: FSceneViewport::OnFocusLost() reason 2
[2019.06.18-05.30.40:369][598]LogSlate: FSceneViewport::OnFocusLost() reason 2
[2019.06.18-05.30.46:025][936]LogSlate: FSceneViewport::OnFocusLost() reason 2
[2019.06.18-05.30.54:171][936]LogSlate: Window 'Save Level As' being destroyed
[2019.06.18-05.30.54:621][963]LogSlate: FSceneViewport::OnFocusLost() reason 0
[2019.06.18-05.31.00:093][289]LogEditorViewport: Clicking Background
[2019.06.18-05.31.04:567][467]LogSlate: FSceneViewport::OnFocusLost() reason 0
