Log file open, 05/15/19 11:29:25
LogWindows: Failed to load 'aqProf.dll' (GetLastError=126)
LogWindows: File 'aqProf.dll' does not exist
LogWindows: Failed to load 'VtuneApi.dll' (GetLastError=126)
LogWindows: File 'VtuneApi.dll' does not exist
LogWindows: Failed to load 'VtuneApi32e.dll' (GetLastError=126)
LogWindows: File 'VtuneApi32e.dll' does not exist
LogConsoleResponse: Display: Failed to find resolution value strings in scalability ini. Falling back to default.
LogInit: Display: Running engine for game: EAE3010SRassign001
LogPakFile: Registered encryption key '00000000000000000000000000000000': 0 pak files mounted, 0 remain pending
LogPlatformFile: Not using cached read wrapper
LogTaskGraph: Started task graph with 5 named threads and 23 total threads with 3 sets of task threads.
LogStats: Stats thread started at 0.276331
LogD3D11RHI: Loaded GFSDK_Aftermath_Lib.x64.dll
LogICUInternationalization: ICU TimeZone Detection - Raw Offset: -7:00, Platform Override: ''
LogPluginManager: Mounting plugin Paper2D
LogPluginManager: Mounting plugin AISupport
LogPluginManager: Mounting plugin LightPropagationVolume
LogPluginManager: Mounting plugin ActorLayerUtilities
LogPluginManager: Mounting plugin CLionSourceCodeAccess
LogPluginManager: Mounting plugin CodeLiteSourceCodeAccess
LogPluginManager: Mounting plugin GitSourceControl
LogPluginManager: Mounting plugin KDevelopSourceCodeAccess
LogPluginManager: Mounting plugin NullSourceCodeAccess
LogPluginManager: Mounting plugin PerforceSourceControl
LogPluginManager: Mounting plugin SubversionSourceControl
LogPluginManager: Mounting plugin UObjectPlugin
LogPluginManager: Mounting plugin VisualStudioCodeSourceCodeAccess
LogPluginManager: Mounting plugin VisualStudioSourceCodeAccess
LogPluginManager: Mounting plugin XCodeSourceCodeAccess
LogPluginManager: Mounting plugin AssetManagerEditor
LogPluginManager: Mounting plugin CryptoKeys
LogPluginManager: Mounting plugin DataValidation
LogPluginManager: Mounting plugin FacialAnimation
LogPluginManager: Mounting plugin GameplayTagsEditor
LogPluginManager: Mounting plugin MacGraphicsSwitching
LogPluginManager: Mounting plugin MeshEditor
LogPluginManager: Mounting plugin MobileLauncherProfileWizard
LogPluginManager: Mounting plugin PluginBrowser
LogPluginManager: Mounting plugin SpeedTreeImporter
LogPluginManager: Mounting plugin DatasmithContent
LogPluginManager: Mounting plugin VariantManagerContent
LogPluginManager: Mounting plugin AlembicImporter
LogPluginManager: Mounting plugin AppleImageUtils
LogPluginManager: Mounting plugin AppleVision
LogPluginManager: Mounting plugin BackChannel
LogPluginManager: Mounting plugin CharacterAI
LogPluginManager: Mounting plugin GeometryCache
LogPluginManager: Mounting plugin HTML5Networking
LogPluginManager: Mounting plugin ProxyLODPlugin
LogPluginManager: Mounting plugin MagicLeap
LogPluginManager: Mounting plugin MagicLeapMedia
LogPluginManager: Mounting plugin AndroidMedia
LogPluginManager: Mounting plugin AvfMedia
LogPluginManager: Mounting plugin ImgMedia
LogPluginManager: Mounting plugin LinearTimecode
LogPluginManager: Mounting plugin MediaCompositing
LogPluginManager: Mounting plugin MediaPlayerEditor
LogPluginManager: Mounting plugin WebMMedia
LogPluginManager: Mounting plugin WmfMedia
LogPluginManager: Mounting plugin TcpMessaging
LogPluginManager: Mounting plugin UdpMessaging
LogPluginManager: Mounting plugin ActorSequence
LogPluginManager: Mounting plugin LevelSequenceEditor
LogPluginManager: Mounting plugin MatineeToLevelSequence
LogPluginManager: Mounting plugin NetcodeUnitTest
LogPluginManager: Mounting plugin NUTUnrealEngine4
LogPluginManager: Mounting plugin OnlineSubsystemGooglePlay
LogPluginManager: Mounting plugin OnlineSubsystemIOS
LogPluginManager: Mounting plugin OnlineSubsystem
LogPluginManager: Mounting plugin OnlineSubsystemNull
LogPluginManager: Mounting plugin OnlineSubsystemUtils
LogPluginManager: Mounting plugin LauncherChunkInstaller
LogPluginManager: Mounting plugin AndroidDeviceProfileSelector
LogPluginManager: Mounting plugin AndroidMoviePlayer
LogPluginManager: Mounting plugin AndroidPermission
LogPluginManager: Mounting plugin AppleMoviePlayer
LogPluginManager: Mounting plugin ArchVisCharacter
LogPluginManager: Mounting plugin AudioCapture
LogPluginManager: Mounting plugin CableComponent
LogPluginManager: Mounting plugin CustomMeshComponent
LogPluginManager: Mounting plugin EditableMesh
LogPluginManager: Mounting plugin ExampleDeviceProfileSelector
LogPluginManager: Mounting plugin Firebase
LogPluginManager: Mounting plugin GoogleCloudMessaging
LogPluginManager: Mounting plugin IOSDeviceProfileSelector
LogPluginManager: Mounting plugin LinuxDeviceProfileSelector
LogPluginManager: Mounting plugin LocationServicesBPLibrary
LogPluginManager: Mounting plugin MobilePatchingUtils
LogPluginManager: Mounting plugin OculusVR
LogPluginManager: Mounting plugin PhysXVehicles
LogPluginManager: Mounting plugin ProceduralMeshComponent
LogPluginManager: Mounting plugin RuntimePhysXCooking
LogPluginManager: Mounting plugin SteamVR
LogPluginManager: Mounting plugin WebMMoviePlayer
LogPluginManager: Mounting plugin WindowsMoviePlayer
LogStreaming: Display: Took  0.069s to configure plugins.
LogInit: Using libcurl 7.55.1-DEV
LogInit:  - built for x86_64-pc-win32
LogInit:  - supports SSL with OpenSSL/1.0.2h
LogInit:  - supports HTTP deflate (compression) using libz 1.2.8
LogInit:  - other features:
LogInit:      CURL_VERSION_SSL
LogInit:      CURL_VERSION_LIBZ
LogInit:      CURL_VERSION_IPV6
LogInit:      CURL_VERSION_ASYNCHDNS
LogInit:      CURL_VERSION_LARGEFILE
LogInit:      CURL_VERSION_IDN
LogInit:  CurlRequestOptions (configurable via config and command line):
LogInit:  - bVerifyPeer = true  - Libcurl will verify peer certificate
LogInit:  - bUseHttpProxy = false  - Libcurl will NOT use HTTP proxy
LogInit:  - bDontReuseConnections = false  - Libcurl will reuse connections
LogInit:  - MaxHostConnections = 16  - Libcurl will limit the number of connections to a host
LogInit:  - LocalHostAddr = Default
LogInit:  - BufferSize = 65536
LogInit: WinSock: version 1.1 (2.2), MaxSocks=32767, MaxUdp=65467
LogInit: Build: ++UE4+Release-4.21-CL-4753647
LogInit: Engine Version: 4.21.2-4753647+++UE4+Release-4.21
LogInit: Compatible Engine Version: 4.21.0-4541578+++UE4+Release-4.21
LogInit: Net CL: 4541578
LogInit: OS: Windows 10 (), CPU: Intel(R) Core(TM) i7-8809G CPU @ 3.10GHz, GPU: Radeon RX Vega M GH Graphics
LogInit: Compiled (64-bit): Jan 19 2019 02:07:31
LogInit: Compiled with Visual C++: 19.13.26129.00
LogInit: Build Configuration: Development
LogInit: Branch Name: ++UE4+Release-4.21
LogInit: Command Line: 
LogInit: Base Directory: C:/Program Files/Epic Games/UE_4.21/Engine/Binaries/Win64/
LogInit: Installed Engine Build: 1
LogDevObjectVersion: Number of dev versions registered: 22
LogDevObjectVersion:   Dev-Blueprints (B0D832E4-1F89-4F0D-ACCF-7EB736FD4AA2): 10
LogDevObjectVersion:   Dev-Build (E1C64328-A22C-4D53-A36C-8E866417BD8C): 0
LogDevObjectVersion:   Dev-Core (375EC13C-06E4-48FB-B500-84F0262A717E): 2
LogDevObjectVersion:   Dev-Editor (E4B068ED-F494-42E9-A231-DA0B2E46BB41): 26
LogDevObjectVersion:   Dev-Framework (CFFC743F-43B0-4480-9391-14DF171D2073): 34
LogDevObjectVersion:   Dev-Mobile (B02B49B5-BB20-44E9-A304-32B752E40360): 2
LogDevObjectVersion:   Dev-Networking (A4E4105C-59A1-49B5-A7C5-40C4547EDFEE): 0
LogDevObjectVersion:   Dev-Online (39C831C9-5AE6-47DC-9A44-9C173E1C8E7C): 0
LogDevObjectVersion:   Dev-Physics (78F01B33-EBEA-4F98-B9B4-84EACCB95AA2): 0
LogDevObjectVersion:   Dev-Platform (6631380F-2D4D-43E0-8009-CF276956A95A): 0
LogDevObjectVersion:   Dev-Rendering (12F88B9F-8875-4AFC-A67C-D90C383ABD29): 27
LogDevObjectVersion:   Dev-Sequencer (7B5AE74C-D270-4C10-A958-57980B212A5A): 9
LogDevObjectVersion:   Dev-VR (D7296918-1DD6-4BDD-9DE2-64A83CC13884): 2
LogDevObjectVersion:   Dev-LoadTimes (C2A15278-BFE7-4AFE-6C17-90FF531DF755): 1
LogDevObjectVersion:   Private-Geometry (6EACA3D4-40EC-4CC1-B786-8BED09428FC5): 3
LogDevObjectVersion:   Dev-AnimPhys (29E575DD-E0A3-4627-9D10-D276232CDCEA): 17
LogDevObjectVersion:   Dev-Anim (AF43A65D-7FD3-4947-9873-3E8ED9C1BB05): 2
LogDevObjectVersion:   Dev-ReflectionCapture (6B266CEC-1EC7-4B8F-A30B-E4D90942FC07): 1
LogDevObjectVersion:   Dev-Automation (0DF73D61-A23F-47EA-B727-89E90C41499A): 1
LogDevObjectVersion:   FortniteMain (601D1886-AC64-4F84-AA16-D3DE0DEAC7D6): 17
LogDevObjectVersion:   Dev-Enterprise (9DFFBCD6-494F-0158-E221-12823C92A888): 4
LogDevObjectVersion:   Dev-Niagara (F2AED0AC-9AFE-416F-8664-AA7FFA26D6FC): 1
LogStreaming: Display: Took  0.001s to delete old logs.
LogInit: Presizing for max 8388607 objects, including 0 objects not considered by GC, pre-allocating 0 bytes for permanent pool.
LogInit: Object subsystem initialized
LogConfig: Setting CVar [[con.DebugEarlyDefault:1]]
LogConfig: Setting CVar [[r.setres:1280x720]]
[2019.05.15-17.29.25:840][  0]LogConfig: Setting CVar [[r.VSync:0]]
[2019.05.15-17.29.25:840][  0]LogConfig: Setting CVar [[r.RHICmdBypass:0]]
[2019.05.15-17.29.25:840][  0]LogConfig: Applying CVar settings from Section [/Script/Engine.RendererSettings] File [C:/Users/u0259507/Documents/Unreal Projects/EAE3010SRassign001/Saved/Config/Windows/Engine.ini]
[2019.05.15-17.29.25:840][  0]LogConfig: Setting CVar [[r.GPUCrashDebugging:0]]
[2019.05.15-17.29.25:840][  0]LogConfig: Applying CVar settings from Section [/Script/Engine.RendererOverrideSettings] File [C:/Users/u0259507/Documents/Unreal Projects/EAE3010SRassign001/Saved/Config/Windows/Engine.ini]
[2019.05.15-17.29.25:840][  0]LogConfig: Applying CVar settings from Section [/Script/Engine.StreamingSettings] File [C:/Users/u0259507/Documents/Unreal Projects/EAE3010SRassign001/Saved/Config/Windows/Engine.ini]
[2019.05.15-17.29.25:840][  0]LogConfig: Setting CVar [[s.MinBulkDataSizeForAsyncLoading:131072]]
[2019.05.15-17.29.25:840][  0]LogConfig: Setting CVar [[s.AsyncLoadingThreadEnabled:0]]
[2019.05.15-17.29.25:840][  0]LogConfig: Setting CVar [[s.EventDrivenLoaderEnabled:1]]
[2019.05.15-17.29.25:840][  0]LogConfig: Setting CVar [[s.WarnIfTimeLimitExceeded:0]]
[2019.05.15-17.29.25:840][  0]LogConfig: Setting CVar [[s.TimeLimitExceededMultiplier:1.5]]
[2019.05.15-17.29.25:840][  0]LogConfig: Setting CVar [[s.TimeLimitExceededMinTime:0.005]]
[2019.05.15-17.29.25:840][  0]LogConfig: Setting CVar [[s.UseBackgroundLevelStreaming:1]]
[2019.05.15-17.29.25:840][  0]LogConfig: Setting CVar [[s.PriorityAsyncLoadingExtraTime:15.0]]
[2019.05.15-17.29.25:840][  0]LogConfig: Setting CVar [[s.LevelStreamingActorsUpdateTimeLimit:5.0]]
[2019.05.15-17.29.25:840][  0]LogConfig: Setting CVar [[s.PriorityLevelStreamingActorsUpdateExtraTime:5.0]]
[2019.05.15-17.29.25:840][  0]LogConfig: Setting CVar [[s.LevelStreamingComponentsRegistrationGranularity:10]]
[2019.05.15-17.29.25:840][  0]LogConfig: Setting CVar [[s.UnregisterComponentsTimeLimit:1.0]]
[2019.05.15-17.29.25:840][  0]LogConfig: Setting CVar [[s.LevelStreamingComponentsUnregistrationGranularity:5]]
[2019.05.15-17.29.25:840][  0]LogConfig: Applying CVar settings from Section [/Script/Engine.GarbageCollectionSettings] File [C:/Users/u0259507/Documents/Unreal Projects/EAE3010SRassign001/Saved/Config/Windows/Engine.ini]
[2019.05.15-17.29.25:841][  0]LogConfig: Setting CVar [[gc.MaxObjectsNotConsideredByGC:1]]
[2019.05.15-17.29.25:841][  0]LogConfig: Setting CVar [[gc.SizeOfPermanentObjectPool:0]]
[2019.05.15-17.29.25:841][  0]LogConfig: Setting CVar [[gc.FlushStreamingOnGC:0]]
[2019.05.15-17.29.25:841][  0]LogConfig: Setting CVar [[gc.NumRetriesBeforeForcingGC:10]]
[2019.05.15-17.29.25:841][  0]LogConfig: Setting CVar [[gc.AllowParallelGC:1]]
[2019.05.15-17.29.25:841][  0]LogConfig: Setting CVar [[gc.TimeBetweenPurgingPendingKillObjects:61.1]]
[2019.05.15-17.29.25:841][  0]LogConfig: Setting CVar [[gc.MaxObjectsInEditor:8388607]]
[2019.05.15-17.29.25:841][  0]LogConfig: Setting CVar [[gc.IncrementalBeginDestroyEnabled:1]]
[2019.05.15-17.29.25:841][  0]LogConfig: Setting CVar [[gc.CreateGCClusters:1]]
[2019.05.15-17.29.25:841][  0]LogConfig: Setting CVar [[gc.MergeGCClusters:0]]
[2019.05.15-17.29.25:841][  0]LogConfig: Setting CVar [[gc.MinGCClusterSize:5]]
[2019.05.15-17.29.25:841][  0]LogConfig: Setting CVar [[gc.ActorClusteringEnabled:0]]
[2019.05.15-17.29.25:841][  0]LogConfig: Setting CVar [[gc.BlueprintClusteringEnabled:0]]
[2019.05.15-17.29.25:841][  0]LogConfig: Setting CVar [[gc.UseDisregardForGCOnDedicatedServers:0]]
[2019.05.15-17.29.25:841][  0]LogConfig: Applying CVar settings from Section [/Script/Engine.NetworkSettings] File [C:/Users/u0259507/Documents/Unreal Projects/EAE3010SRassign001/Saved/Config/Windows/Engine.ini]
[2019.05.15-17.29.25:841][  0]LogConfig: Applying CVar settings from Section [/Script/UnrealEd.CookerSettings] File [C:/Users/u0259507/Documents/Unreal Projects/EAE3010SRassign001/Saved/Config/Windows/Engine.ini]
[2019.05.15-17.29.25:844][  0]LogConfig: Applying CVar settings from Section [ViewDistanceQuality@3] File [C:/Users/u0259507/Documents/Unreal Projects/EAE3010SRassign001/Saved/Config/Windows/Scalability.ini]
[2019.05.15-17.29.25:844][  0]LogConfig: Setting CVar [[r.SkeletalMeshLODBias:0]]
[2019.05.15-17.29.25:844][  0]LogConfig: Setting CVar [[r.ViewDistanceScale:1.0]]
[2019.05.15-17.29.25:844][  0]LogConfig: Applying CVar settings from Section [AntiAliasingQuality@3] File [C:/Users/u0259507/Documents/Unreal Projects/EAE3010SRassign001/Saved/Config/Windows/Scalability.ini]
[2019.05.15-17.29.25:844][  0]LogConfig: Setting CVar [[r.PostProcessAAQuality:4]]
[2019.05.15-17.29.25:844][  0]LogConfig: Applying CVar settings from Section [ShadowQuality@3] File [C:/Users/u0259507/Documents/Unreal Projects/EAE3010SRassign001/Saved/Config/Windows/Scalability.ini]
[2019.05.15-17.29.25:844][  0]LogConfig: Setting CVar [[r.LightFunctionQuality:1]]
[2019.05.15-17.29.25:844][  0]LogConfig: Setting CVar [[r.ShadowQuality:5]]
[2019.05.15-17.29.25:844][  0]LogConfig: Setting CVar [[r.Shadow.CSM.MaxCascades:10]]
[2019.05.15-17.29.25:844][  0]LogConfig: Setting CVar [[r.Shadow.MaxResolution:2048]]
[2019.05.15-17.29.25:844][  0]LogConfig: Setting CVar [[r.Shadow.MaxCSMResolution:2048]]
[2019.05.15-17.29.25:844][  0]LogConfig: Setting CVar [[r.Shadow.RadiusThreshold:0.01]]
[2019.05.15-17.29.25:844][  0]LogConfig: Setting CVar [[r.Shadow.DistanceScale:1.0]]
[2019.05.15-17.29.25:844][  0]LogConfig: Setting CVar [[r.Shadow.CSM.TransitionScale:1.0]]
[2019.05.15-17.29.25:844][  0]LogConfig: Setting CVar [[r.Shadow.PreShadowResolutionFactor:1.0]]
[2019.05.15-17.29.25:844][  0]LogConfig: Setting CVar [[r.DistanceFieldShadowing:1]]
[2019.05.15-17.29.25:844][  0]LogConfig: Setting CVar [[r.DistanceFieldAO:1]]
[2019.05.15-17.29.25:844][  0]LogConfig: Setting CVar [[r.AOQuality:2]]
[2019.05.15-17.29.25:844][  0]LogConfig: Setting CVar [[r.VolumetricFog:1]]
[2019.05.15-17.29.25:844][  0]LogConfig: Setting CVar [[r.VolumetricFog.GridPixelSize:8]]
[2019.05.15-17.29.25:844][  0]LogConfig: Setting CVar [[r.VolumetricFog.GridSizeZ:128]]
[2019.05.15-17.29.25:845][  0]LogConfig: Setting CVar [[r.VolumetricFog.HistoryMissSupersampleCount:4]]
[2019.05.15-17.29.25:845][  0]LogConfig: Setting CVar [[r.LightMaxDrawDistanceScale:1]]
[2019.05.15-17.29.25:845][  0]LogConfig: Setting CVar [[r.CapsuleShadows:1]]
[2019.05.15-17.29.25:845][  0]LogConfig: Applying CVar settings from Section [PostProcessQuality@3] File [C:/Users/u0259507/Documents/Unreal Projects/EAE3010SRassign001/Saved/Config/Windows/Scalability.ini]
[2019.05.15-17.29.25:845][  0]LogConfig: Setting CVar [[r.MotionBlurQuality:4]]
[2019.05.15-17.29.25:845][  0]LogConfig: Setting CVar [[r.AmbientOcclusionMipLevelFactor:0.4]]
[2019.05.15-17.29.25:845][  0]LogConfig: Setting CVar [[r.AmbientOcclusionMaxQuality:100]]
[2019.05.15-17.29.25:845][  0]LogConfig: Setting CVar [[r.AmbientOcclusionLevels:-1]]
[2019.05.15-17.29.25:845][  0]LogConfig: Setting CVar [[r.AmbientOcclusionRadiusScale:1.0]]
[2019.05.15-17.29.25:845][  0]LogConfig: Setting CVar [[r.DepthOfFieldQuality:2]]
[2019.05.15-17.29.25:845][  0]LogConfig: Setting CVar [[r.RenderTargetPoolMin:400]]
[2019.05.15-17.29.25:845][  0]LogConfig: Setting CVar [[r.LensFlareQuality:2]]
[2019.05.15-17.29.25:845][  0]LogConfig: Setting CVar [[r.SceneColorFringeQuality:1]]
[2019.05.15-17.29.25:845][  0]LogConfig: Setting CVar [[r.EyeAdaptationQuality:2]]
[2019.05.15-17.29.25:845][  0]LogConfig: Setting CVar [[r.BloomQuality:5]]
[2019.05.15-17.29.25:845][  0]LogConfig: Setting CVar [[r.FastBlurThreshold:100]]
[2019.05.15-17.29.25:845][  0]LogConfig: Setting CVar [[r.Upscale.Quality:3]]
[2019.05.15-17.29.25:845][  0]LogConfig: Setting CVar [[r.Tonemapper.GrainQuantization:1]]
[2019.05.15-17.29.25:845][  0]LogConfig: Setting CVar [[r.LightShaftQuality:1]]
[2019.05.15-17.29.25:845][  0]LogConfig: Setting CVar [[r.Filter.SizeScale:1]]
[2019.05.15-17.29.25:845][  0]LogConfig: Setting CVar [[r.Tonemapper.Quality:5]]
[2019.05.15-17.29.25:845][  0]LogConfig: Setting CVar [[r.DOF.Gather.AccumulatorQuality:1        ; higher gathering accumulator quality]]
[2019.05.15-17.29.25:845][  0]LogConfig: Setting CVar [[r.DOF.Gather.PostfilterMethod:1          ; Median3x3 postfilering method]]
[2019.05.15-17.29.25:845][  0]LogConfig: Setting CVar [[r.DOF.Gather.EnableBokehSettings:0       ; no bokeh simulation when gathering]]
[2019.05.15-17.29.25:845][  0]LogConfig: Setting CVar [[r.DOF.Gather.RingCount:4                 ; medium number of samples when gathering]]
[2019.05.15-17.29.25:845][  0]LogConfig: Setting CVar [[r.DOF.Scatter.ForegroundCompositing:1    ; additive foreground scattering]]
[2019.05.15-17.29.25:845][  0]LogConfig: Setting CVar [[r.DOF.Scatter.BackgroundCompositing:2    ; additive background scattering]]
[2019.05.15-17.29.25:845][  0]LogConfig: Setting CVar [[r.DOF.Scatter.EnableBokehSettings:1      ; bokeh simulation when scattering]]
[2019.05.15-17.29.25:845][  0]LogConfig: Setting CVar [[r.DOF.Scatter.MaxSpriteRatio:0.1         ; only a maximum of 10% of scattered bokeh]]
[2019.05.15-17.29.25:845][  0]LogConfig: Setting CVar [[r.DOF.Recombine.Quality:1                ; cheap slight out of focus]]
[2019.05.15-17.29.25:845][  0]LogConfig: Setting CVar [[r.DOF.Recombine.EnableBokehSettings:0    ; no bokeh simulation on slight out of focus]]
[2019.05.15-17.29.25:845][  0]LogConfig: Setting CVar [[r.DOF.TemporalAAQuality:1                ; more stable temporal accumulation]]
[2019.05.15-17.29.25:845][  0]LogConfig: Setting CVar [[r.DOF.Kernel.MaxForegroundRadius:0.025]]
[2019.05.15-17.29.25:845][  0]LogConfig: Setting CVar [[r.DOF.Kernel.MaxBackgroundRadius:0.025]]
[2019.05.15-17.29.25:845][  0]LogConfig: Applying CVar settings from Section [TextureQuality@3] File [C:/Users/u0259507/Documents/Unreal Projects/EAE3010SRassign001/Saved/Config/Windows/Scalability.ini]
[2019.05.15-17.29.25:845][  0]LogConfig: Setting CVar [[r.Streaming.MipBias:0]]
[2019.05.15-17.29.25:845][  0]LogConfig: Setting CVar [[r.Streaming.AmortizeCPUToGPUCopy:0]]
[2019.05.15-17.29.25:845][  0]LogConfig: Setting CVar [[r.Streaming.MaxNumTexturesToStreamPerFrame:0]]
[2019.05.15-17.29.25:845][  0]LogConfig: Setting CVar [[r.Streaming.Boost:1]]
[2019.05.15-17.29.25:845][  0]LogConfig: Setting CVar [[r.MaxAnisotropy:8]]
[2019.05.15-17.29.25:845][  0]LogConfig: Setting CVar [[r.Streaming.LimitPoolSizeToVRAM:0]]
[2019.05.15-17.29.25:845][  0]LogConfig: Setting CVar [[r.Streaming.PoolSize:1000]]
[2019.05.15-17.29.25:845][  0]LogConfig: Setting CVar [[r.Streaming.MaxEffectiveScreenSize:0]]
[2019.05.15-17.29.25:845][  0]LogConfig: Applying CVar settings from Section [EffectsQuality@3] File [C:/Users/u0259507/Documents/Unreal Projects/EAE3010SRassign001/Saved/Config/Windows/Scalability.ini]
[2019.05.15-17.29.25:845][  0]LogConfig: Setting CVar [[r.TranslucencyLightingVolumeDim:64]]
[2019.05.15-17.29.25:845][  0]LogConfig: Setting CVar [[r.RefractionQuality:2]]
[2019.05.15-17.29.25:845][  0]LogConfig: Setting CVar [[r.SSR.Quality:3]]
[2019.05.15-17.29.25:845][  0]LogConfig: Setting CVar [[r.SceneColorFormat:4]]
[2019.05.15-17.29.25:845][  0]LogConfig: Setting CVar [[r.DetailMode:2]]
[2019.05.15-17.29.25:845][  0]LogConfig: Setting CVar [[r.TranslucencyVolumeBlur:1]]
[2019.05.15-17.29.25:845][  0]LogConfig: Setting CVar [[r.MaterialQualityLevel:1 ; High quality]]
[2019.05.15-17.29.25:845][  0]LogConfig: Setting CVar [[r.SSS.Scale:1]]
[2019.05.15-17.29.25:845][  0]LogConfig: Setting CVar [[r.SSS.SampleSet:2]]
[2019.05.15-17.29.25:845][  0]LogConfig: Setting CVar [[r.SSS.Quality:1]]
[2019.05.15-17.29.25:845][  0]LogConfig: Setting CVar [[r.SSS.HalfRes:1]]
[2019.05.15-17.29.25:845][  0]LogConfig: Setting CVar [[r.EmitterSpawnRateScale:1.0]]
[2019.05.15-17.29.25:845][  0]LogConfig: Setting CVar [[r.ParticleLightQuality:2]]
[2019.05.15-17.29.25:845][  0]LogConfig: Applying CVar settings from Section [FoliageQuality@3] File [C:/Users/u0259507/Documents/Unreal Projects/EAE3010SRassign001/Saved/Config/Windows/Scalability.ini]
[2019.05.15-17.29.25:845][  0]LogConfig: Setting CVar [[foliage.DensityScale:1.0]]
[2019.05.15-17.29.25:845][  0]LogConfig: Setting CVar [[grass.DensityScale:1.0]]
[2019.05.15-17.29.25:845][  0]LogInit: Selected Device Profile: [Windows]
[2019.05.15-17.29.25:845][  0]LogInit: Applying CVar settings loaded from the selected device profile: [Windows]
[2019.05.15-17.29.25:855][  0]LogHAL: Display: Platform has ~ 16 GB [17094963200 / 17179869184 / 16], which maps to Larger [LargestMinGB=32, LargerMinGB=12, DefaultMinGB=8, SmallerMinGB=6, SmallestMinGB=0)
[2019.05.15-17.29.25:855][  0]LogConfig: Setting CVar [[r.Vulkan.UseRealUBs:1]]
[2019.05.15-17.29.25:855][  0]LogInit: Going up to parent DeviceProfile []
[2019.05.15-17.29.25:855][  0]LogConfig: Applying CVar settings from Section [ViewDistanceQuality@3] File [C:/Users/u0259507/Documents/Unreal Projects/EAE3010SRassign001/Saved/Config/Windows/Scalability.ini]
[2019.05.15-17.29.25:855][  0]LogConfig: Setting CVar [[r.SkeletalMeshLODBias:0]]
[2019.05.15-17.29.25:855][  0]LogConfig: Setting CVar [[r.ViewDistanceScale:1.0]]
[2019.05.15-17.29.25:855][  0]LogConfig: Applying CVar settings from Section [AntiAliasingQuality@3] File [C:/Users/u0259507/Documents/Unreal Projects/EAE3010SRassign001/Saved/Config/Windows/Scalability.ini]
[2019.05.15-17.29.25:855][  0]LogConfig: Setting CVar [[r.PostProcessAAQuality:4]]
[2019.05.15-17.29.25:855][  0]LogConfig: Applying CVar settings from Section [ShadowQuality@3] File [C:/Users/u0259507/Documents/Unreal Projects/EAE3010SRassign001/Saved/Config/Windows/Scalability.ini]
[2019.05.15-17.29.25:855][  0]LogConfig: Setting CVar [[r.LightFunctionQuality:1]]
[2019.05.15-17.29.25:855][  0]LogConfig: Setting CVar [[r.ShadowQuality:5]]
[2019.05.15-17.29.25:855][  0]LogConfig: Setting CVar [[r.Shadow.CSM.MaxCascades:10]]
[2019.05.15-17.29.25:855][  0]LogConfig: Setting CVar [[r.Shadow.MaxResolution:2048]]
[2019.05.15-17.29.25:855][  0]LogConfig: Setting CVar [[r.Shadow.MaxCSMResolution:2048]]
[2019.05.15-17.29.25:855][  0]LogConfig: Setting CVar [[r.Shadow.RadiusThreshold:0.01]]
[2019.05.15-17.29.25:855][  0]LogConfig: Setting CVar [[r.Shadow.DistanceScale:1.0]]
[2019.05.15-17.29.25:855][  0]LogConfig: Setting CVar [[r.Shadow.CSM.TransitionScale:1.0]]
[2019.05.15-17.29.25:855][  0]LogConfig: Setting CVar [[r.Shadow.PreShadowResolutionFactor:1.0]]
[2019.05.15-17.29.25:855][  0]LogConfig: Setting CVar [[r.DistanceFieldShadowing:1]]
[2019.05.15-17.29.25:855][  0]LogConfig: Setting CVar [[r.DistanceFieldAO:1]]
[2019.05.15-17.29.25:855][  0]LogConfig: Setting CVar [[r.AOQuality:2]]
[2019.05.15-17.29.25:855][  0]LogConfig: Setting CVar [[r.VolumetricFog:1]]
[2019.05.15-17.29.25:855][  0]LogConfig: Setting CVar [[r.VolumetricFog.GridPixelSize:8]]
[2019.05.15-17.29.25:855][  0]LogConfig: Setting CVar [[r.VolumetricFog.GridSizeZ:128]]
[2019.05.15-17.29.25:855][  0]LogConfig: Setting CVar [[r.VolumetricFog.HistoryMissSupersampleCount:4]]
[2019.05.15-17.29.25:855][  0]LogConfig: Setting CVar [[r.LightMaxDrawDistanceScale:1]]
[2019.05.15-17.29.25:855][  0]LogConfig: Setting CVar [[r.CapsuleShadows:1]]
[2019.05.15-17.29.25:855][  0]LogConfig: Applying CVar settings from Section [PostProcessQuality@3] File [C:/Users/u0259507/Documents/Unreal Projects/EAE3010SRassign001/Saved/Config/Windows/Scalability.ini]
[2019.05.15-17.29.25:855][  0]LogConfig: Setting CVar [[r.MotionBlurQuality:4]]
[2019.05.15-17.29.25:855][  0]LogConfig: Setting CVar [[r.AmbientOcclusionMipLevelFactor:0.4]]
[2019.05.15-17.29.25:855][  0]LogConfig: Setting CVar [[r.AmbientOcclusionMaxQuality:100]]
[2019.05.15-17.29.25:855][  0]LogConfig: Setting CVar [[r.AmbientOcclusionLevels:-1]]
[2019.05.15-17.29.25:855][  0]LogConfig: Setting CVar [[r.AmbientOcclusionRadiusScale:1.0]]
[2019.05.15-17.29.25:855][  0]LogConfig: Setting CVar [[r.DepthOfFieldQuality:2]]
[2019.05.15-17.29.25:856][  0]LogConfig: Setting CVar [[r.RenderTargetPoolMin:400]]
[2019.05.15-17.29.25:856][  0]LogConfig: Setting CVar [[r.LensFlareQuality:2]]
[2019.05.15-17.29.25:856][  0]LogConfig: Setting CVar [[r.SceneColorFringeQuality:1]]
[2019.05.15-17.29.25:856][  0]LogConfig: Setting CVar [[r.EyeAdaptationQuality:2]]
[2019.05.15-17.29.25:856][  0]LogConfig: Setting CVar [[r.BloomQuality:5]]
[2019.05.15-17.29.25:856][  0]LogConfig: Setting CVar [[r.FastBlurThreshold:100]]
[2019.05.15-17.29.25:856][  0]LogConfig: Setting CVar [[r.Upscale.Quality:3]]
[2019.05.15-17.29.25:856][  0]LogConfig: Setting CVar [[r.Tonemapper.GrainQuantization:1]]
[2019.05.15-17.29.25:856][  0]LogConfig: Setting CVar [[r.LightShaftQuality:1]]
[2019.05.15-17.29.25:856][  0]LogConfig: Setting CVar [[r.Filter.SizeScale:1]]
[2019.05.15-17.29.25:856][  0]LogConfig: Setting CVar [[r.Tonemapper.Quality:5]]
[2019.05.15-17.29.25:856][  0]LogConfig: Setting CVar [[r.DOF.Gather.AccumulatorQuality:1        ; higher gathering accumulator quality]]
[2019.05.15-17.29.25:856][  0]LogConfig: Setting CVar [[r.DOF.Gather.PostfilterMethod:1          ; Median3x3 postfilering method]]
[2019.05.15-17.29.25:856][  0]LogConfig: Setting CVar [[r.DOF.Gather.EnableBokehSettings:0       ; no bokeh simulation when gathering]]
[2019.05.15-17.29.25:856][  0]LogConfig: Setting CVar [[r.DOF.Gather.RingCount:4                 ; medium number of samples when gathering]]
[2019.05.15-17.29.25:856][  0]LogConfig: Setting CVar [[r.DOF.Scatter.ForegroundCompositing:1    ; additive foreground scattering]]
[2019.05.15-17.29.25:856][  0]LogConfig: Setting CVar [[r.DOF.Scatter.BackgroundCompositing:2    ; additive background scattering]]
[2019.05.15-17.29.25:856][  0]LogConfig: Setting CVar [[r.DOF.Scatter.EnableBokehSettings:1      ; bokeh simulation when scattering]]
[2019.05.15-17.29.25:856][  0]LogConfig: Setting CVar [[r.DOF.Scatter.MaxSpriteRatio:0.1         ; only a maximum of 10% of scattered bokeh]]
[2019.05.15-17.29.25:856][  0]LogConfig: Setting CVar [[r.DOF.Recombine.Quality:1                ; cheap slight out of focus]]
[2019.05.15-17.29.25:856][  0]LogConfig: Setting CVar [[r.DOF.Recombine.EnableBokehSettings:0    ; no bokeh simulation on slight out of focus]]
[2019.05.15-17.29.25:856][  0]LogConfig: Setting CVar [[r.DOF.TemporalAAQuality:1                ; more stable temporal accumulation]]
[2019.05.15-17.29.25:856][  0]LogConfig: Setting CVar [[r.DOF.Kernel.MaxForegroundRadius:0.025]]
[2019.05.15-17.29.25:856][  0]LogConfig: Setting CVar [[r.DOF.Kernel.MaxBackgroundRadius:0.025]]
[2019.05.15-17.29.25:856][  0]LogConfig: Applying CVar settings from Section [TextureQuality@3] File [C:/Users/u0259507/Documents/Unreal Projects/EAE3010SRassign001/Saved/Config/Windows/Scalability.ini]
[2019.05.15-17.29.25:856][  0]LogConfig: Setting CVar [[r.Streaming.MipBias:0]]
[2019.05.15-17.29.25:856][  0]LogConfig: Setting CVar [[r.Streaming.AmortizeCPUToGPUCopy:0]]
[2019.05.15-17.29.25:856][  0]LogConfig: Setting CVar [[r.Streaming.MaxNumTexturesToStreamPerFrame:0]]
[2019.05.15-17.29.25:856][  0]LogConfig: Setting CVar [[r.Streaming.Boost:1]]
[2019.05.15-17.29.25:856][  0]LogConfig: Setting CVar [[r.MaxAnisotropy:8]]
[2019.05.15-17.29.25:856][  0]LogConfig: Setting CVar [[r.Streaming.LimitPoolSizeToVRAM:0]]
[2019.05.15-17.29.25:856][  0]LogConfig: Setting CVar [[r.Streaming.PoolSize:1000]]
[2019.05.15-17.29.25:856][  0]LogConfig: Setting CVar [[r.Streaming.MaxEffectiveScreenSize:0]]
[2019.05.15-17.29.25:856][  0]LogConfig: Applying CVar settings from Section [EffectsQuality@3] File [C:/Users/u0259507/Documents/Unreal Projects/EAE3010SRassign001/Saved/Config/Windows/Scalability.ini]
[2019.05.15-17.29.25:856][  0]LogConfig: Setting CVar [[r.TranslucencyLightingVolumeDim:64]]
[2019.05.15-17.29.25:856][  0]LogConfig: Setting CVar [[r.RefractionQuality:2]]
[2019.05.15-17.29.25:856][  0]LogConfig: Setting CVar [[r.SSR.Quality:3]]
[2019.05.15-17.29.25:856][  0]LogConfig: Setting CVar [[r.SceneColorFormat:4]]
[2019.05.15-17.29.25:856][  0]LogConfig: Setting CVar [[r.DetailMode:2]]
[2019.05.15-17.29.25:856][  0]LogConfig: Setting CVar [[r.TranslucencyVolumeBlur:1]]
[2019.05.15-17.29.25:856][  0]LogConfig: Setting CVar [[r.MaterialQualityLevel:1 ; High quality]]
[2019.05.15-17.29.25:856][  0]LogConfig: Setting CVar [[r.SSS.Scale:1]]
[2019.05.15-17.29.25:856][  0]LogConfig: Setting CVar [[r.SSS.SampleSet:2]]
[2019.05.15-17.29.25:856][  0]LogConfig: Setting CVar [[r.SSS.Quality:1]]
[2019.05.15-17.29.25:856][  0]LogConfig: Setting CVar [[r.SSS.HalfRes:1]]
[2019.05.15-17.29.25:856][  0]LogConfig: Setting CVar [[r.EmitterSpawnRateScale:1.0]]
[2019.05.15-17.29.25:856][  0]LogConfig: Setting CVar [[r.ParticleLightQuality:2]]
[2019.05.15-17.29.25:856][  0]LogConfig: Applying CVar settings from Section [FoliageQuality@3] File [C:/Users/u0259507/Documents/Unreal Projects/EAE3010SRassign001/Saved/Config/Windows/Scalability.ini]
[2019.05.15-17.29.25:856][  0]LogConfig: Setting CVar [[foliage.DensityScale:1.0]]
[2019.05.15-17.29.25:856][  0]LogConfig: Setting CVar [[grass.DensityScale:1.0]]
[2019.05.15-17.29.25:856][  0]LogConfig: Applying CVar settings from Section [Startup] File [../../../Engine/Config/ConsoleVariables.ini]
[2019.05.15-17.29.25:856][  0]LogConfig: Setting CVar [[net.UseAdaptiveNetUpdateFrequency:0]]
[2019.05.15-17.29.25:856][  0]LogConfig: Applying CVar settings from Section [ConsoleVariables] File [C:/Users/u0259507/Documents/Unreal Projects/EAE3010SRassign001/Saved/Config/Windows/Engine.ini]
[2019.05.15-17.29.25:856][  0]LogInit: Computer: eae-n-033
[2019.05.15-17.29.25:856][  0]LogInit: User: u0259507
[2019.05.15-17.29.25:856][  0]LogInit: CPU Page size=4096, Cores=4
[2019.05.15-17.29.25:856][  0]LogInit: High frequency timer resolution =3.023437 MHz
[2019.05.15-17.29.25:857][  0]LogMemory: Memory total: Physical=15.9GB (16GB approx)
[2019.05.15-17.29.25:857][  0]LogMemory: Platform Memory Stats for Windows
[2019.05.15-17.29.25:857][  0]LogMemory: Process Physical Memory: 101.86 MB used, 101.86 MB peak
[2019.05.15-17.29.25:857][  0]LogMemory: Process Virtual Memory: 91.27 MB used, 91.27 MB peak
[2019.05.15-17.29.25:857][  0]LogMemory: Physical Memory: 6168.31 MB used,  10134.71 MB free, 16303.03 MB total
[2019.05.15-17.29.25:857][  0]LogMemory: Virtual Memory: 4647.91 MB used,  134213080.00 MB free, 134217728.00 MB total
[2019.05.15-17.29.25:872][  0]LogInit: Using OS detected language (en-US).
[2019.05.15-17.29.25:872][  0]LogInit: Using OS detected locale (en-US).
[2019.05.15-17.29.25:873][  0]LogTextLocalizationManager: No specific localization for 'en-US' exists, so the 'en' localization will be used.
[2019.05.15-17.29.26:219][  0]LogStreaming: Display: Took  0.347s to InitEngineTextLocalization.
[2019.05.15-17.29.26:219][  0]LogInit: Setting process to per monitor DPI aware
[2019.05.15-17.29.26:262][  0]LogSlate: New Slate User Created.  User Index 0, Is Virtual User: 0
[2019.05.15-17.29.26:262][  0]LogSlate: Slate User Registered.  User Index 0, Is Virtual User: 0
[2019.05.15-17.29.26:462][  0]LogHMD: Failed to initialize OpenVR with code 110
[2019.05.15-17.29.26:462][  0]LogD3D11RHI: D3D11 adapters:
[2019.05.15-17.29.26:503][  0]LogD3D11RHI:    0. 'Radeon RX Vega M GH Graphics' (Feature Level 11_0)
[2019.05.15-17.29.26:503][  0]LogD3D11RHI:       4042/0/8151 MB DedicatedVideo/DedicatedSystem/SharedSystem, Outputs:1, VendorId:0x1002
[2019.05.15-17.29.26:526][  0]LogD3D11RHI:    1. 'Intel(R) HD Graphics 630' (Feature Level 11_0)
[2019.05.15-17.29.26:526][  0]LogD3D11RHI:       128/0/8151 MB DedicatedVideo/DedicatedSystem/SharedSystem, Outputs:0, VendorId:0x8086
[2019.05.15-17.29.26:527][  0]LogD3D11RHI:    2. 'Microsoft Basic Render Driver' (Feature Level 11_0)
[2019.05.15-17.29.26:527][  0]LogD3D11RHI:       0/0/8151 MB DedicatedVideo/DedicatedSystem/SharedSystem, Outputs:0, VendorId:0x1414
[2019.05.15-17.29.26:527][  0]LogD3D11RHI: Chosen D3D11 Adapter: 0
[2019.05.15-17.29.26:534][  0]LogD3D11RHI: Creating new Direct3DDevice
[2019.05.15-17.29.26:534][  0]LogD3D11RHI:     GPU DeviceId: 0x694c (for the marketing name, search the web for "GPU Device Id")
[2019.05.15-17.29.26:534][  0]LogWindows: EnumDisplayDevices:
[2019.05.15-17.29.26:534][  0]LogWindows:    0. 'Radeon RX Vega M GH Graphics' (P:1 D:1)
[2019.05.15-17.29.26:534][  0]LogWindows:    1. 'Radeon RX Vega M GH Graphics' (P:0 D:0)
[2019.05.15-17.29.26:534][  0]LogWindows:    2. 'Radeon RX Vega M GH Graphics' (P:0 D:0)
[2019.05.15-17.29.26:535][  0]LogWindows:    3. 'Radeon RX Vega M GH Graphics' (P:0 D:0)
[2019.05.15-17.29.26:535][  0]LogWindows:    4. 'Radeon RX Vega M GH Graphics' (P:0 D:0)
[2019.05.15-17.29.26:535][  0]LogWindows:    5. 'Radeon RX Vega M GH Graphics' (P:0 D:0)
[2019.05.15-17.29.26:535][  0]LogWindows:    6. 'Radeon RX Vega M GH Graphics' (P:0 D:0)
[2019.05.15-17.29.26:535][  0]LogWindows:    7. 'Radeon RX Vega M GH Graphics' (P:0 D:0)
[2019.05.15-17.29.26:536][  0]LogWindows:    8. 'Intel(R) HD Graphics 630' (P:0 D:0)
[2019.05.15-17.29.26:536][  0]LogWindows:    9. 'Intel(R) HD Graphics 630' (P:0 D:0)
[2019.05.15-17.29.26:536][  0]LogWindows: DebugString: PrimaryIsNotTheChoosenAdapter PrimaryIsNotTheChoosenAdapter FoundDriverCount:8 
[2019.05.15-17.29.26:536][  0]LogD3D11RHI:     Adapter Name: Radeon RX Vega M GH Graphics
[2019.05.15-17.29.26:536][  0]LogD3D11RHI:   Driver Version: Adrenalin 19 18.12.2 (internal:25.20.15002.58, unified:25.20.15002.58)
[2019.05.15-17.29.26:536][  0]LogD3D11RHI:      Driver Date: 12-6-2018
[2019.05.15-17.29.26:536][  0]LogRHI: Texture pool is 2829 MB (70% of 4042 MB)
[2019.05.15-17.29.26:640][  0]LogD3D11RHI: Async texture creation enabled
[2019.05.15-17.29.26:652][  0]LogD3D11RHI: GPU Timing Frequency: 25.000000 (Debug: 2 1)
[2019.05.15-17.29.26:941][  0]LogTemp: Display: Loaded TP AllDesktopTargetPlatform
[2019.05.15-17.29.26:952][  0]LogTemp: Display: Loaded TP MacClientTargetPlatform
[2019.05.15-17.29.26:963][  0]LogTemp: Display: Loaded TP MacNoEditorTargetPlatform
[2019.05.15-17.29.26:975][  0]LogTemp: Display: Loaded TP MacServerTargetPlatform
[2019.05.15-17.29.26:986][  0]LogTemp: Display: Loaded TP MacTargetPlatform
[2019.05.15-17.29.26:998][  0]LogTemp: Display: Loaded TP WindowsClientTargetPlatform
[2019.05.15-17.29.27:008][  0]LogTemp: Display: Loaded TP WindowsNoEditorTargetPlatform
[2019.05.15-17.29.27:020][  0]LogTemp: Display: Loaded TP WindowsServerTargetPlatform
[2019.05.15-17.29.27:026][  0]LogTemp: Display: Loaded TP WindowsTargetPlatform
[2019.05.15-17.29.27:087][  0]LogTemp: Display: Loaded TP AndroidTargetPlatform
[2019.05.15-17.29.27:087][  0]LogTemp: Display: Loaded TP AndroidTargetPlatform
[2019.05.15-17.29.27:087][  0]LogTemp: Display: Loaded TP AndroidTargetPlatform
[2019.05.15-17.29.27:087][  0]LogTemp: Display: Loaded TP AndroidTargetPlatform
[2019.05.15-17.29.27:087][  0]LogTemp: Display: Loaded TP AndroidTargetPlatform
[2019.05.15-17.29.27:087][  0]LogTemp: Display: Loaded TP AndroidTargetPlatform
[2019.05.15-17.29.27:087][  0]LogTemp: Display: Loaded TP AndroidTargetPlatform
[2019.05.15-17.29.27:087][  0]LogTemp: Display: Loaded TP AndroidTargetPlatform
[2019.05.15-17.29.27:087][  0]LogTemp: Display: Loaded TP AndroidTargetPlatform
[2019.05.15-17.29.27:087][  0]LogTemp: Display: Loaded TP AndroidTargetPlatform
[2019.05.15-17.29.27:087][  0]LogTemp: Display: Loaded TP AndroidTargetPlatform
[2019.05.15-17.29.27:087][  0]LogTemp: Display: Loaded TP AndroidTargetPlatform
[2019.05.15-17.29.27:087][  0]LogTemp: Display: Loaded TP AndroidTargetPlatform
[2019.05.15-17.29.27:087][  0]LogTemp: Display: Loaded TP AndroidTargetPlatform
[2019.05.15-17.29.27:087][  0]LogTemp: Display: Loaded TP AndroidTargetPlatform
[2019.05.15-17.29.27:087][  0]LogTemp: Display: Loaded TP AndroidTargetPlatform
[2019.05.15-17.29.27:087][  0]LogTemp: Display: Loaded TP AndroidTargetPlatform
[2019.05.15-17.29.27:087][  0]LogTemp: Display: Loaded TP AndroidTargetPlatform
[2019.05.15-17.29.27:088][  0]LogTemp: Display: Loaded TP HTML5TargetPlatform
[2019.05.15-17.29.27:144][  0]LogTemp: Display: Loaded TP IOSTargetPlatform
[2019.05.15-17.29.27:144][  0]LogTemp: Display: Loaded TP IOSTargetPlatform
[2019.05.15-17.29.27:165][  0]LogTemp: Display: Loaded TP TVOSTargetPlatform
[2019.05.15-17.29.27:165][  0]LogTemp: Display: Loaded TP TVOSTargetPlatform
[2019.05.15-17.29.27:175][  0]LogTemp: Display: Loaded TP LinuxClientTargetPlatform
[2019.05.15-17.29.27:185][  0]LogTemp: Display: Loaded TP LinuxNoEditorTargetPlatform
[2019.05.15-17.29.27:195][  0]LogTemp: Display: Loaded TP LinuxServerTargetPlatform
[2019.05.15-17.29.27:205][  0]LogTemp: Display: Loaded TP LinuxTargetPlatform
[2019.05.15-17.29.27:243][  0]LogTemp: Display: Loaded TP LuminTargetPlatform
[2019.05.15-17.29.27:243][  0]LogTemp: Display: Loaded TP LuminTargetPlatform
[2019.05.15-17.29.27:243][  0]LogTargetPlatformManager: Display: Building Assets For Windows
[2019.05.15-17.29.27:299][  0]LogShaderCompilers: Guid format shader working directory is -29 characters bigger than the processId version (../../../../../../Users/u0259507/Documents/Unreal Projects/EAE3010SRassign001/Intermediate/Shaders/WorkingDirectory/15096/).
[2019.05.15-17.29.27:299][  0]LogShaderCompilers: Cleaned the shader compiler working directory 'C:/Users/u0259507/AppData/Local/Temp/UnrealShaderWorkingDir/D99CE44A4707EDD5D6BB2C9F9C8878B1/'.
[2019.05.15-17.29.27:302][  0]LogXGEController: Cannot use XGE Controller as Incredibuild is not installed on this machine.
[2019.05.15-17.29.27:302][  0]LogShaderCompilers: Cannot use XGE Shader Compiler as Incredibuild is not installed on this machine.
[2019.05.15-17.29.27:302][  0]LogShaderCompilers: Display: Using Local Shader Compiler.
[2019.05.15-17.29.27:769][  0]LogDerivedDataCache: Display: Max Cache Size: 512 MB
[2019.05.15-17.29.27:827][  0]LogDerivedDataCache: Loaded boot cache 0.06s 86MB C:/Users/u0259507/AppData/Local/UnrealEngine/4.21/DerivedDataCache/Boot.ddc.
[2019.05.15-17.29.27:827][  0]LogDerivedDataCache: Display: Loaded Boot cache: C:/Users/u0259507/AppData/Local/UnrealEngine/4.21/DerivedDataCache/Boot.ddc
[2019.05.15-17.29.27:827][  0]LogDerivedDataCache: FDerivedDataBackendGraph:  Pak pak cache file ../../../../../../Users/u0259507/Documents/Unreal Projects/EAE3010SRassign001/DerivedDataCache/DDC.ddp not found, will not use a pak cache.
[2019.05.15-17.29.27:827][  0]LogDerivedDataCache: Unable to find inner node Pak for hierarchical cache Hierarchy.
[2019.05.15-17.29.27:827][  0]LogDerivedDataCache: FDerivedDataBackendGraph:  CompressedPak pak cache file ../../../../../../Users/u0259507/Documents/Unreal Projects/EAE3010SRassign001/DerivedDataCache/Compressed.ddp not found, will not use a pak cache.
[2019.05.15-17.29.27:827][  0]LogDerivedDataCache: Unable to find inner node CompressedPak for hierarchical cache Hierarchy.
[2019.05.15-17.29.27:840][  0]LogDerivedDataCache: Display: Pak cache opened for reading ../../../Engine/DerivedDataCache/Compressed.ddp.
[2019.05.15-17.29.27:840][  0]LogDerivedDataCache: FDerivedDataBackendGraph:  EnterprisePak pak cache file ../../../Enterprise/DerivedDataCache/Compressed.ddp not found, will not use a pak cache.
[2019.05.15-17.29.27:840][  0]LogDerivedDataCache: Unable to find inner node EnterprisePak for hierarchical cache Hierarchy.
[2019.05.15-17.29.27:853][  0]LogDerivedDataCache: Using Local data cache path C:/Users/u0259507/AppData/Local/UnrealEngine/Common/DerivedDataCache: Writable
[2019.05.15-17.29.27:853][  0]LogDerivedDataCache: Shared data cache path not found in *engine.ini, will not use an Shared cache.
[2019.05.15-17.29.27:853][  0]LogDerivedDataCache: Unable to find inner node Shared for hierarchical cache Hierarchy.
[2019.05.15-17.29.27:875][  0]LogMaterial: Verifying Global Shaders for PCD3D_SM5
[2019.05.15-17.29.27:876][  0]LogSlate: Using FreeType 2.6.0
[2019.05.15-17.29.27:876][  0]LogSlate: SlateFontServices - WITH_FREETYPE: 1, WITH_HARFBUZZ: 1
[2019.05.15-17.29.27:954][  0]LogAssetRegistry: FAssetRegistry took 0.0309 seconds to start up
[2019.05.15-17.29.28:232][  0]LogInit: Selected Device Profile: [Windows]
[2019.05.15-17.29.28:293][  0]LogSimplygon: Simplygon DLL not present - disabling.
[2019.05.15-17.29.28:296][  0]LogMeshReduction: Using SimplygonSwarm for distributed automatic mesh merging
[2019.05.15-17.29.28:296][  0]LogMeshReduction: Using ProxyLODMeshReduction for automatic mesh merging
[2019.05.15-17.29.28:296][  0]LogMeshReduction: Using QuadricMeshReduction for automatic static mesh reduction
[2019.05.15-17.29.28:296][  0]LogMeshReduction: No automatic skeletal mesh reduction module available
[2019.05.15-17.29.28:378][  0]LogNetVersion: EAE3010SRassign001 1.0.0, NetCL: 4541578, EngineNetVer: 5, GameNetVer: 0 (Checksum: 879197428)
[2019.05.15-17.29.28:838][  0]LogPackageLocalizationCache: Processed 11 localized package path(s) for 2 prioritized culture(s) in 0.073466 seconds
[2019.05.15-17.29.28:842][  0]LogUObjectArray: 39775 objects as part of root set at end of initial load.
[2019.05.15-17.29.28:842][  0]LogUObjectAllocator: 6914664 out of 0 bytes used by permanent object pool.
[2019.05.15-17.29.28:842][  0]LogUObjectArray: CloseDisregardForGC: 0/0 objects in disregard for GC pool
[2019.05.15-17.29.29:598][  0]LogTcpMessaging: Initializing TcpMessaging bridge
[2019.05.15-17.29.29:611][  0]LogUdpMessaging: Initializing bridge on interface 0.0.0.0:0 to multicast group 230.0.0.1:6666.
[2019.05.15-17.29.30:199][  0]SourceControl: Source control is disabled
[2019.05.15-17.29.30:199][  0]SourceControl: Source control is disabled
[2019.05.15-17.29.30:201][  0]SourceControl: Source control is disabled
[2019.05.15-17.29.30:202][  0]SourceControl: Source control is disabled
[2019.05.15-17.29.30:354][  0]LogAndroidPermission: UAndroidPermissionCallbackProxy::GetInstance
[2019.05.15-17.29.30:427][  0]LogOcInput: OculusInput pre-init called
[2019.05.15-17.29.30:554][  0]LogEngine: Initializing Engine...
[2019.05.15-17.29.30:555][  0]LogHMD: Failed to initialize OpenVR with code 110
[2019.05.15-17.29.30:556][  0]LogStats: UGameplayTagsManager::ConstructGameplayTagTree: ImportINI prefixes -  0.000 s
[2019.05.15-17.29.30:556][  0]LogStats: UGameplayTagsManager::ConstructGameplayTagTree: Construct from data asset -  0.000 s
[2019.05.15-17.29.30:557][  0]LogStats: UGameplayTagsManager::ConstructGameplayTagTree: ImportINI -  0.000 s
[2019.05.15-17.29.30:557][  0]LogStats: UGameplayTagsManager::ConstructGameplayTagTree: GameplayTagTreeChangedEvent.Broadcast -  0.000 s
[2019.05.15-17.29.30:768][  0]LogInit: Initializing FReadOnlyCVARCache
[2019.05.15-17.29.30:781][  0]LogAIModule: Creating AISystem for world Untitled
[2019.05.15-17.29.30:825][  0]LogInit: XAudio2 using '4 - CintiqPro24P (AMD High Definition Audio Device)' : 2 channels at 48 kHz using 16 bits per sample (channel mask 0x3)
[2019.05.15-17.29.30:836][  0]LogInit: FAudioDevice initialized.
[2019.05.15-17.29.30:836][  0]LogNetVersion: Set ProjectVersion to 1.0.0.0. Version Checksum will be recalculated on next use.
[2019.05.15-17.29.30:919][  0]LogDerivedDataCache: Saved boot cache 0.08s 86MB C:/Users/u0259507/AppData/Local/UnrealEngine/4.21/DerivedDataCache/Boot.ddc.
[2019.05.15-17.29.30:933][  0]LogInit: Texture streaming: Enabled
[2019.05.15-17.29.30:950][  0]LogEngineSessionManager: EngineSessionManager initialized
[2019.05.15-17.29.30:961][  0]LogInit: Transaction tracking system initialized
[2019.05.15-17.29.30:982][  0]BlueprintLog: New page: Editor Load
[2019.05.15-17.29.31:094][  0]LocalizationService: Localization service is disabled
[2019.05.15-17.29.31:524][  0]LogFileCache: Scanning file cache for directory 'C:/Users/u0259507/Documents/Unreal Projects/EAE3010SRassign001/Content/' took 0.01s
[2019.05.15-17.29.31:524][  0]LogCook: Display: Max memory allowance for cook 16384mb min free memory 0mb
[2019.05.15-17.29.31:524][  0]LogCook: Display: Mobile HDR setting 1
[2019.05.15-17.29.31:524][  0]LogGameplayTags: Display: UGameplayTagsManager::DoneAddingNativeTags. DelegateIsBound: 0
[2019.05.15-17.29.31:524][  0]LogStats: UGameplayTagsManager::ConstructGameplayTagTree: ImportINI prefixes -  0.000 s
[2019.05.15-17.29.31:524][  0]LogStats: UGameplayTagsManager::ConstructGameplayTagTree: Construct from data asset -  0.000 s
[2019.05.15-17.29.31:524][  0]LogStats: UGameplayTagsManager::ConstructGameplayTagTree: ImportINI -  0.000 s
[2019.05.15-17.29.31:524][  0]LogStats: UGameplayTagsManager::ConstructGameplayTagTree: GameplayTagTreeChangedEvent.Broadcast -  0.000 s
[2019.05.15-17.29.31:644][  0]SourceControl: Source control is disabled
[2019.05.15-17.29.31:645][  0]Cmd: MAP LOAD FILE="../../../Engine/Content/Maps/Templates/Template_Default.umap" TEMPLATE=1 SHOWPROGRESS=1 FEATURELEVEL=3
[2019.05.15-17.29.31:645][  0]LightingResults: New page: Lighting Build
[2019.05.15-17.29.31:647][  0]MapCheck: New page: Map Check
[2019.05.15-17.29.31:647][  0]LightingResults: New page: Lighting Build
[2019.05.15-17.29.31:792][  0]LogAIModule: Creating AISystem for world Untitled_1
[2019.05.15-17.29.31:798][  0]LogEditorServer: Finished looking for orphan Actors (0.000 secs)
[2019.05.15-17.29.31:817][  0]Cmd: MAP CHECKDEP NOCLEARLOG
[2019.05.15-17.29.31:817][  0]MapCheck: Map check complete: 0 Error(s), 0 Warning(s), took 0.131ms to complete.
[2019.05.15-17.29.31:817][  0]LogFileHelpers: Loading map 'Template_Default' took 0.172
[2019.05.15-17.29.31:907][  0]LogSlate: Updating window title bar state: overlay mode, drag disabled, window buttons hidden, title bar hidden
[2019.05.15-17.29.31:914][  0]LogSlate: Updating window title bar state: overlay mode, drag disabled, window buttons hidden, title bar hidden
[2019.05.15-17.29.31:921][  0]LogSlate: Updating window title bar state: overlay mode, drag disabled, window buttons hidden, title bar hidden
[2019.05.15-17.29.31:927][  0]LogSlate: Updating window title bar state: overlay mode, drag disabled, window buttons hidden, title bar hidden
[2019.05.15-17.29.31:933][  0]LogCollectionManager: Loaded 0 collections in 0.001972 seconds
[2019.05.15-17.29.31:949][  0]LogFileCache: Scanning file cache for directory 'C:/Users/u0259507/Documents/Unreal Projects/EAE3010SRassign001/Saved/Collections/' took 0.01s
[2019.05.15-17.29.31:949][  0]LogFileCache: Scanning file cache for directory 'C:/Users/u0259507/Documents/Unreal Projects/EAE3010SRassign001/Content/Developers/u0259507/Collections/' took 0.00s
[2019.05.15-17.29.31:949][  0]LogFileCache: Scanning file cache for directory 'C:/Users/u0259507/Documents/Unreal Projects/EAE3010SRassign001/Content/Collections/' took 0.00s
[2019.05.15-17.29.31:949][  0]LogCollectionManager: Rebuilt the GUID cache for 0 collections in 0.000000 seconds
[2019.05.15-17.29.31:956][  0]LogContentBrowser: Native class hierarchy populated in 0.0069 seconds. Added 2651 classes and 620 folders.
[2019.05.15-17.29.31:962][  0]LogContentBrowser: Native class hierarchy updated for 'WidgetCarousel' in 0.0003 seconds. Added 0 classes and 0 folders.
[2019.05.15-17.29.31:963][  0]LogPakFile: Registered encryption key '00000000000000000000000000000000': 0 pak files mounted, 0 remain pending
[2019.05.15-17.29.31:963][  0]LogPakFile: Registered encryption key '00000000000000000000000000000000': 0 pak files mounted, 0 remain pending
[2019.05.15-17.29.31:964][  0]LogPakFile: Registered encryption key '00000000000000000000000000000000': 0 pak files mounted, 0 remain pending
[2019.05.15-17.29.31:964][  0]LogPakFile: Registered encryption key '00000000000000000000000000000000': 0 pak files mounted, 0 remain pending
[2019.05.15-17.29.31:965][  0]LogPakFile: Registered encryption key '00000000000000000000000000000000': 0 pak files mounted, 0 remain pending
[2019.05.15-17.29.31:965][  0]LogPakFile: Registered encryption key '00000000000000000000000000000000': 0 pak files mounted, 0 remain pending
[2019.05.15-17.29.31:965][  0]LogPakFile: Registered encryption key '00000000000000000000000000000000': 0 pak files mounted, 0 remain pending
[2019.05.15-17.29.31:966][  0]LogPakFile: Registered encryption key '00000000000000000000000000000000': 0 pak files mounted, 0 remain pending
[2019.05.15-17.29.31:966][  0]LogPakFile: Registered encryption key '00000000000000000000000000000000': 0 pak files mounted, 0 remain pending
[2019.05.15-17.29.31:966][  0]LogPakFile: Registered encryption key '00000000000000000000000000000000': 0 pak files mounted, 0 remain pending
[2019.05.15-17.29.31:967][  0]LogPakFile: Registered encryption key '00000000000000000000000000000000': 0 pak files mounted, 0 remain pending
[2019.05.15-17.29.31:967][  0]LogPakFile: Registered encryption key '00000000000000000000000000000000': 0 pak files mounted, 0 remain pending
[2019.05.15-17.29.31:967][  0]LogPakFile: Registered encryption key '00000000000000000000000000000000': 0 pak files mounted, 0 remain pending
[2019.05.15-17.29.31:968][  0]LogPakFile: Registered encryption key '00000000000000000000000000000000': 0 pak files mounted, 0 remain pending
[2019.05.15-17.29.31:968][  0]LogPakFile: Registered encryption key '00000000000000000000000000000000': 0 pak files mounted, 0 remain pending
[2019.05.15-17.29.31:969][  0]LogPakFile: Registered encryption key '00000000000000000000000000000000': 0 pak files mounted, 0 remain pending
[2019.05.15-17.29.31:969][  0]LogPakFile: Registered encryption key '00000000000000000000000000000000': 0 pak files mounted, 0 remain pending
[2019.05.15-17.29.31:969][  0]LogPakFile: Registered encryption key '00000000000000000000000000000000': 0 pak files mounted, 0 remain pending
[2019.05.15-17.29.31:970][  0]LogPakFile: Registered encryption key '00000000000000000000000000000000': 0 pak files mounted, 0 remain pending
[2019.05.15-17.29.31:970][  0]LogPakFile: Registered encryption key '00000000000000000000000000000000': 0 pak files mounted, 0 remain pending
[2019.05.15-17.29.31:971][  0]LogPakFile: Registered encryption key '00000000000000000000000000000000': 0 pak files mounted, 0 remain pending
[2019.05.15-17.29.31:971][  0]LogPakFile: Registered encryption key '00000000000000000000000000000000': 0 pak files mounted, 0 remain pending
[2019.05.15-17.29.31:971][  0]LogPakFile: Registered encryption key '00000000000000000000000000000000': 0 pak files mounted, 0 remain pending
[2019.05.15-17.29.31:972][  0]LogPakFile: Registered encryption key '00000000000000000000000000000000': 0 pak files mounted, 0 remain pending
[2019.05.15-17.29.31:972][  0]LogPakFile: Registered encryption key '00000000000000000000000000000000': 0 pak files mounted, 0 remain pending
[2019.05.15-17.29.31:973][  0]LogPakFile: Registered encryption key '00000000000000000000000000000000': 0 pak files mounted, 0 remain pending
[2019.05.15-17.29.32:003][  0]LogContentBrowser: Native class hierarchy updated for 'AddContentDialog' in 0.0002 seconds. Added 0 classes and 0 folders.
[2019.05.15-17.29.32:008][  0]LogContentBrowser: Native class hierarchy updated for 'SceneOutliner' in 0.0002 seconds. Added 1 classes and 2 folders.
[2019.05.15-17.29.32:021][  0]LogSlate: Took 0.000202 seconds to synchronously load lazily loaded font '../../../Engine/Content/Slate/Fonts/Roboto-Regular.ttf' (155K)
[2019.05.15-17.29.32:022][  0]LogSlate: Took 0.000127 seconds to synchronously load lazily loaded font '../../../Engine/Content/Slate/Fonts/Roboto-Bold.ttf' (160K)
[2019.05.15-17.29.32:026][  0]LogSlate: Took 0.000144 seconds to synchronously load lazily loaded font '../../../Engine/Content/Editor/Slate/Fonts/FontAwesome.ttf' (139K)
[2019.05.15-17.29.32:095][  0]LogRenderer: Reallocating scene render targets to support 1208x576 Format 10 NumSamples 1 (Frame:1).
[2019.05.15-17.29.32:262][  0]LogContentBrowser: Native class hierarchy updated for 'HierarchicalLODOutliner' in 0.0002 seconds. Added 0 classes and 0 folders.
[2019.05.15-17.29.32:262][  0]LogLoad: (Engine Initialization) Total time: 8.00 seconds
[2019.05.15-17.29.32:262][  0]LogLoad: (Engine Initialization) Total Blueprint compile time: 0.00 seconds
[2019.05.15-17.29.32:273][  0]LogWindowsTextInputMethodSystem: Display: IME system now deactivated.
[2019.05.15-17.29.32:329][  0]LogContentStreaming: Texture pool size now 1000 MB
[2019.05.15-17.29.32:359][  1]LogAssetRegistry: Asset discovery search completed in 4.4274 seconds
[2019.05.15-17.29.32:360][  1]LogCollectionManager: Rebuilt the object cache for 0 collections in 0.000000 seconds (found 0 objects)
[2019.05.15-17.29.32:360][  1]LogCollectionManager: Fixed up redirectors for 0 collections in 0.000038 seconds (updated 0 objects)
[2019.05.15-17.29.33:283][103]LogSlate: Took 0.000162 seconds to synchronously load lazily loaded font '../../../Engine/Content/Slate/Fonts/Roboto-Light.ttf' (167K)
[2019.05.15-17.29.39:467][836]LogSlate: FSceneViewport::OnFocusLost() reason 0
